31.14
6.32
3.17
2.11
1.58
1.27
1.05
0.90
0.79
0.70
0.63
30.89
6.30
3.14
2.10
1.57
1.26
1.05
0.90
0.79
0.70
0.63
30.84
6.26
3.14
2.10
1.57
1.26
1.05
0.90
0.79
0.70
0.63
30.82
6.25
3.13
2.09
1.57
1.25
1.04
0.90
0.78
0.70
0.63
31.03
6.26
3.14
2.09
1.57
1.25
1.05
0.90
0.78
0.70
0.63
30.99
6.30
3.15
2.11
1.58
1.26
1.05
0.90
0.79
0.70
0.63
31.08
6.33
3.20
2.13
1.60
1.28
1.07
0.92
0.80
0.71
0.64
30.99
6.37
3.18
2.12
1.59
1.28
1.06
0.91
0.80
0.71
0.64
31.86
6.44
3.22
2.15
1.61
1.29
1.08
0.92
0.81
0.72
0.65
31.23
6.38
3.20
2.13
1.60
1.28
1.06
0.91
0.80
0.71
0.64
31.54
6.46
3.22
2.16
1.62
1.30
1.08
0.92
0.81
0.72
0.65
31.09
6.36
3.18
2.12
1.60
1.27
1.06
0.91
0.80
0.71
0.64
30.96
6.37
3.19
2.12
1.59
1.27
1.06
0.91
0.80
0.71
0.64
31.47
6.39
3.22
2.15
1.61
1.29
1.07
0.92
0.80
0.71
0.64
30.96
6.30
3.15
2.11
1.58
1.26
1.05
0.90
0.79
0.70
0.63
30.72
6.25
3.14
2.09
1.57
1.26
1.05
0.90
0.79
0.70
0.63
30.36
6.21
3.10
2.07
1.55
1.24
1.03
0.89
0.78
0.69
0.62
31.10
6.35
3.17
2.12
1.58
1.27
1.06
0.91
0.79
0.70
0.63
31.09
6.32
3.16
2.11
1.58
1.27
1.06
0.91
0.79
0.70
0.63
30.81
6.26
3.13
2.09
1.57
1.25
1.05
0.90
0.78
0.70
0.63
30.62
6.18
3.10
2.07
1.55
1.24
1.04
0.89
0.78
0.69
0.62
30.49
6.22
3.10
2.07
1.55
1.24
1.04
0.89
0.78
0.69
0.62
29.98
6.07
3.05
2.03
1.52
1.22
1.01
0.87
0.76
0.68
0.61
29.96
6.10
3.04
2.04
1.53
1.22
1.02
0.87
0.76
0.68
0.61
29.95
6.06
3.03
2.02
1.51
1.21
1.01
0.86
0.76
0.67
0.60
30.13
6.14
3.08
2.05
1.54
1.23
1.03
0.88
0.77
0.68
0.62
29.78
6.07
3.04
2.02
1.52
1.21
1.01
0.87
0.76
0.67
0.61
30.14
6.14
3.07
2.05
1.53
1.23
1.03
0.88
0.77
0.68
0.62
29.98
6.11
3.06
2.04
1.53
1.23
1.02
0.88
0.77
0.68
0.61
29.93
6.09
3.05
2.04
1.53
1.22
1.02
0.87
0.76
0.68
0.61
30.30
6.19
3.10
2.07
1.55
1.24
1.04
0.89
0.78
0.69
0.62
30.30
6.17
3.07
2.05
1.54
1.23
1.02
0.88
0.77
0.68
0.61
30.66
6.24
3.14
2.09
1.57
1.25
1.04
0.89
0.78
0.70
0.63
31.33
6.48
3.25
2.16
1.63
1.30
1.09
0.93
0.81
0.72
0.65
31.04
6.39
3.20
2.13
1.60
1.28
1.07
0.92
0.80
0.71
0.64
31.52
6.40
3.21
2.14
1.60
1.28
1.07
0.92
0.80
0.71
0.64
30.38
6.14
3.08
2.06
1.54
1.23
1.03
0.88
0.77
0.68
0.62
31.17
6.39
3.21
2.14
1.60
1.28
1.07
0.92
0.80
0.71
0.64
30.79
6.32
3.16
2.10
1.58
1.26
1.05
0.90
0.79
0.70
0.63
30.96
6.42
3.22
2.15
1.61
1.30
1.08
0.93
0.81
0.72
0.65
30.75
6.24
3.13
2.08
1.56
1.25
1.04
0.89
0.78
0.69
0.63
31.48
6.44
3.22
2.15
1.62
1.29
1.08
0.92
0.81
0.72
0.65
30.67
6.23
3.13
2.09
1.57
1.25
1.04
0.89
0.78
0.70
0.63
31.04
6.31
3.18
2.12
1.59
1.27
1.06
0.91
0.80
0.71
0.64
31.19
6.40
3.21
2.14
1.61
1.28
1.07
0.92
0.80
0.71
0.64
31.19
6.41
3.21
2.14
1.60
1.28
1.07
0.91
0.80
0.71
0.64
31.66
6.50
3.24
2.16
1.62
1.30
1.08
0.93
0.81
0.72
0.65
31.96
6.64
3.33
2.21
1.66
1.33
1.11
0.95
0.83
0.74
0.67
31.25
6.40
3.19
2.12
1.59
1.27
1.06
0.91
0.80
0.71
0.64
31.26
6.40
3.20
2.13
1.60
1.28
1.07
0.91
0.80
0.71
0.64
30.96
6.38
3.21
2.14
1.60
1.28
1.07
0.92
0.80
0.71
0.64
31.47
6.42
3.22
2.14
1.61
1.29
1.07
0.92
0.81
0.72
0.64
31.60
6.41
3.22
2.14
1.61
1.29
1.07
0.92
0.80
0.71
0.64
31.31
6.50
3.23
2.17
1.62
1.30
1.08
0.93
0.81
0.72
0.65
31.35
6.42
3.22
2.15
1.61
1.29
1.07
0.92
0.81
0.72
0.64
31.33
6.37
3.19
2.12
1.59
1.28
1.06
0.91
0.80
0.71
0.64
31.46
6.47
3.22
2.16
1.61
1.29
1.08
0.92
0.81
0.72
0.65
32.02
6.49
3.26
2.17
1.63
1.30
1.09
0.93
0.81
0.72
0.65
31.70
6.47
3.25
2.16
1.62
1.30
1.08
0.93
0.81
0.72
0.65
30.93
6.30
3.16
2.11
1.58
1.27
1.06
0.90
0.79
0.70
0.63
32.00
6.61
3.31
2.21
1.66
1.33
1.10
0.95
0.83
0.74
0.66
31.62
6.50
3.24
2.17
1.62
1.30
1.08
0.93
0.81
0.72
0.65
31.48
6.42
3.22
2.14
1.61
1.28
1.07
0.92
0.80
0.71
0.64
31.21
6.34
3.17
2.12
1.58
1.27
1.06
0.91
0.79
0.70
0.63
31.19
6.39
3.20
2.13
1.60
1.28
1.07
0.91
0.80
0.71
0.64
30.91
6.35
3.19
2.12
1.59
1.27
1.06
0.91
0.80
0.71
0.64
31.44
6.49
3.24
2.16
1.62
1.30
1.08
0.93
0.81
0.72
0.65
31.37
6.47
3.23
2.14
1.61
1.29
1.07
0.92
0.81
0.72
0.64
31.71
6.49
3.24
2.17
1.62
1.30
1.08
0.93
0.81
0.72
0.65
31.10
6.32
3.17
2.11
1.59
1.27
1.06
0.90
0.79
0.70
0.63
31.65
6.48
3.22
2.16
1.62
1.29
1.08
0.92
0.81
0.72
0.65
31.30
6.33
3.17
2.11
1.59
1.27
1.06
0.91
0.79
0.71
0.63
30.84
6.31
3.16
2.11
1.58
1.27
1.06
0.90
0.79
0.70
0.63
31.14
6.32
3.15
2.11
1.58
1.26
1.05
0.90
0.79
0.70
0.63
30.33
6.16
3.09
2.07
1.55
1.24
1.03
0.88
0.77
0.69
0.62
29.90
6.15
3.08
2.06
1.54
1.23
1.03
0.88
0.77
0.69
0.62
30.36
6.19
3.09
2.06
1.54
1.23
1.03
0.88
0.77
0.69
0.62
30.27
6.21
3.10
2.07
1.55
1.24
1.04
0.89
0.78
0.69
0.62
29.90
6.05
3.04
2.03
1.52
1.22
1.01
0.87
0.76
0.67
0.61
30.13
6.15
3.10
2.07
1.55
1.24
1.03
0.89
0.78
0.69
0.62
29.84
6.07
3.04
2.02
1.52
1.21
1.01
0.87
0.76
0.67
0.61
30.14
6.19
3.10
2.06
1.55
1.24
1.03
0.89
0.77
0.69
0.62
30.17
6.20
3.10
2.06
1.55
1.24
1.03
0.89
0.77
0.69
0.62
30.53
6.22
3.11
2.07
1.56
1.25
1.04
0.89
0.78
0.69
0.62
30.07
6.07
3.04
2.03
1.52
1.22
1.01
0.87
0.76
0.68
0.61
29.58
6.00
3.00
2.00
1.50
1.20
1.00
0.86
0.75
0.67
0.60
29.34
5.94
2.98
1.99
1.49
1.19
0.99
0.85
0.75
0.66
0.60
29.78
6.08
3.04
2.03
1.52
1.22
1.01
0.87
0.76
0.68
0.61
29.31
5.97
2.99
2.00
1.50
1.20
1.00
0.86
0.75
0.67
0.60
29.39
5.96
3.01
2.00
1.50
1.20
1.00
0.86
0.75
0.67
0.60
29.72
6.04
3.02
2.01
1.51
1.21
1.01
0.86
0.75
0.67
0.60
29.94
6.10
3.05
2.04
1.53
1.22
1.02
0.87
0.76
0.68
0.61
29.20
5.94
2.97
1.98
1.49
1.19
0.99
0.85
0.74
0.66
0.59
29.33
5.96
2.99
1.99
1.49
1.19
0.99
0.85
0.75
0.66
0.60
29.46
6.00
3.00
2.00
1.50
1.20
1.00
0.86
0.75
0.67
0.60
29.49
6.00
3.00
2.00
1.50
1.20
1.00
0.86
0.75
0.67
0.60
29.71
6.03
3.02
2.02
1.51
1.21
1.01
0.86
0.76
0.67
0.60
29.39
5.98
2.99
2.00
1.50
1.20
1.00
0.85
0.75
0.66
0.60
29.93
6.11
3.05
2.03
1.53
1.22
1.02
0.87
0.76
0.68
0.61
29.67
6.02
3.02
2.01
1.51
1.21
1.01
0.86
0.76
0.67
0.60
30.35
6.21
3.08
2.05
1.54
1.23
1.03
0.88
0.77
0.68
0.62
31.06
6.37
3.20
2.13
1.60
1.28
1.07
0.91
0.80
0.71
0.64
30.70
6.22
3.12
2.08
1.56
1.25
1.04
0.89
0.78
0.69
0.62
30.56
6.28
3.13
2.09
1.57
1.25
1.04
0.90
0.78
0.70
0.63
30.01
6.10
3.05
2.04
1.53
1.22
1.02
0.87
0.77
0.68
0.61
29.89
6.12
3.05
2.03
1.53
1.22
1.02
0.87
0.76
0.68
0.61
29.96
6.17
3.07
2.05
1.54
1.23
1.03
0.88
0.77
0.68
0.62
29.58
6.00
3.00
2.00
1.50
1.20
1.00
0.86
0.75
0.67
0.60
30.08
6.11
3.06
2.05
1.53
1.23
1.02
0.88
0.77
0.68
0.61
31.70
6.45
3.23
2.16
1.62
1.30
1.08
0.92
0.81
0.72
0.65
30.81
6.28
3.14
2.09
1.57
1.26
1.05
0.90
0.79
0.70
0.63
30.96
6.32
3.17
2.12
1.59
1.27
1.06
0.91
0.79
0.71
0.63
30.93
6.34
3.17
2.10
1.58
1.27
1.06
0.90
0.79
0.70
0.63
30.86
6.29
3.16
2.11
1.58
1.26
1.05
0.90
0.79
0.70
0.63
30.66
6.26
3.12
2.08
1.56
1.25
1.04
0.89
0.78
0.69
0.62
30.22
6.15
3.09
2.06
1.55
1.24
1.03
0.89
0.77
0.69
0.62
29.37
5.98
3.00
2.00
1.50
1.20
1.00
0.86
0.75
0.67
0.60
30.41
6.22
3.09
2.06
1.55
1.24
1.03
0.88
0.77
0.69
0.62
30.14
6.15
3.08
2.05
1.54
1.23
1.03
0.88
0.77
0.69
0.62
30.21
6.18
3.09
2.06
1.55
1.24
1.03
0.88
0.77
0.69
0.62
30.77
6.25
3.12
2.09
1.56
1.25
1.04
0.89
0.78
0.70
0.63
29.64
6.08
3.04
2.03
1.52
1.22
1.01
0.87
0.76
0.68
0.61
29.51
6.03
3.02
2.01
1.51
1.21
1.01
0.86
0.75
0.67
0.60
29.40
6.00
3.02
2.01
1.51
1.21
1.01
0.86
0.76
0.67
0.60
29.56
6.00
3.01
2.01
1.51
1.21
1.01
0.86
0.75
0.67
0.60
30.29
6.11
3.06
2.04
1.53
1.22
1.02
0.87
0.77
0.68
0.61
30.34
6.19
3.11
2.07
1.55
1.24
1.03
0.88
0.78
0.69
0.62
30.17
6.19
3.11
2.07
1.55
1.24
1.03
0.89
0.78
0.69
0.62
