30.00
6.13
3.06
2.04
1.53
1.22
1.02
0.87
0.77
0.68
0.61
30.12
6.15
3.08
2.05
1.54
1.23
1.03
0.88
0.77
0.68
0.62
29.99
6.14
3.09
2.05
1.54
1.23
1.03
0.88
0.77
0.68
0.62
29.83
6.11
3.06
2.04
1.53
1.22
1.02
0.87
0.77
0.68
0.61
30.64
6.25
3.13
2.09
1.57
1.25
1.04
0.90
0.78
0.70
0.63
30.52
6.24
3.13
2.08
1.56
1.25
1.04
0.89
0.78
0.69
0.63
30.62
6.28
3.14
2.09
1.57
1.26
1.04
0.90
0.78
0.70
0.63
30.27
6.18
3.10
2.07
1.55
1.24
1.03
0.89
0.78
0.69
0.62
29.66
6.03
3.03
2.02
1.51
1.21
1.01
0.87
0.76
0.67
0.61
30.56
6.24
3.11
2.08
1.56
1.25
1.04
0.89
0.78
0.69
0.62
30.43
6.19
3.09
2.06
1.55
1.24
1.03
0.89
0.78
0.69
0.62
30.47
6.27
3.14
2.09
1.57
1.26
1.05
0.90
0.79
0.70
0.63
30.53
6.26
3.14
2.09
1.57
1.26
1.05
0.90
0.79
0.70
0.63
30.60
6.21
3.13
2.08
1.56
1.25
1.04
0.89
0.78
0.69
0.63
31.13
6.39
3.20
2.14
1.60
1.28
1.07
0.92
0.80
0.71
0.64
31.91
6.60
3.24
2.17
1.62
1.30
1.08
0.93
0.81
0.72
0.65
31.84
6.51
3.25
2.17
1.62
1.30
1.09
0.93
0.81
0.72
0.65
31.82
6.52
3.26
2.17
1.63
1.30
1.09
0.93
0.82
0.72
0.65
31.69
6.49
3.27
2.17
1.63
1.30
1.08
0.93
0.81
0.72
0.65
32.44
6.64
3.31
2.20
1.66
1.33
1.11
0.95
0.83
0.74
0.66
31.60
6.46
3.23
2.17
1.62
1.30
1.08
0.93
0.81
0.72
0.65
31.53
6.50
3.26
2.18
1.63
1.30
1.09
0.93
0.82
0.72
0.65
31.96
6.51
3.27
2.18
1.64
1.31
1.09
0.94
0.82
0.73
0.66
31.60
6.46
3.27
2.15
1.61
1.29
1.08
0.92
0.81
0.72
0.65
31.55
6.57
3.29
2.20
1.65
1.32
1.10
0.94
0.82
0.73
0.66
31.75
6.43
3.24
2.16
1.62
1.29
1.08
0.92
0.81
0.72
0.65
31.39
6.48
3.22
2.14
1.61
1.29
1.07
0.92
0.81
0.72
0.65
31.07
6.38
3.19
2.12
1.59
1.27
1.06
0.91
0.80
0.71
0.64
32.01
6.48
3.26
2.18
1.64
1.31
1.09
0.94
0.82
0.73
0.65
31.53
6.46
3.23
2.15
1.62
1.29
1.08
0.92
0.81
0.72
0.65
31.93
6.54
3.28
2.18
1.64
1.31
1.09
0.93
0.82
0.73
0.65
31.51
6.38
3.22
2.14
1.60
1.29
1.07
0.92
0.80
0.71
0.64
31.57
6.42
3.21
2.14
1.61
1.28
1.07
0.92
0.80
0.71
0.64
31.85
6.54
3.26
2.17
1.63
1.30
1.09
0.93
0.81
0.72
0.65
31.76
6.51
3.26
2.18
1.63
1.31
1.09
0.93
0.82
0.73
0.65
31.87
6.60
3.30
2.20
1.65
1.32
1.10
0.94
0.83
0.73
0.66
32.27
6.65
3.33
2.22
1.67
1.33
1.11
0.95
0.83
0.74
0.67
31.50
6.47
3.25
2.16
1.62
1.30
1.08
0.93
0.81
0.72
0.65
31.92
6.52
3.28
2.19
1.64
1.31
1.09
0.94
0.82
0.73
0.66
32.11
6.54
3.29
2.19
1.65
1.32
1.09
0.94
0.82
0.73
0.66
31.82
6.47
3.23
2.16
1.62
1.30
1.08
0.93
0.81
0.72
0.65
31.42
6.34
3.19
2.14
1.60
1.28
1.07
0.92
0.80
0.71
0.64
31.81
6.46
3.22
2.15
1.62
1.29
1.08
0.92
0.81
0.72
0.65
31.97
6.51
3.25
2.17
1.62
1.30
1.09
0.93
0.81
0.72
0.65
31.70
6.47
3.25
2.17
1.62
1.30
1.08
0.93
0.81
0.72
0.65
32.07
6.52
3.26
2.18
1.64
1.31
1.09
0.94
0.82
0.73
0.65
31.84
6.53
3.25
2.17
1.63
1.31
1.09
0.93
0.82
0.73
0.65
32.38
6.62
3.30
2.20
1.65
1.32
1.10
0.94
0.83
0.74
0.66
32.49
6.68
3.34
2.23
1.67
1.34
1.11
0.96
0.83
0.74
0.67
31.56
6.39
3.21
2.14
1.60
1.29
1.07
0.92
0.80
0.71
0.64
31.46
6.48
3.27
2.18
1.63
1.31
1.09
0.93
0.82
0.73
0.65
30.87
6.31
3.16
2.11
1.58
1.26
1.05
0.90
0.79
0.70
0.63
31.66
6.46
3.24
2.16
1.62
1.30
1.08
0.93
0.81
0.72
0.65
31.00
6.33
3.16
2.10
1.58
1.26
1.05
0.90
0.79
0.70
0.63
30.39
6.20
3.11
2.07
1.55
1.24
1.04
0.89
0.78
0.69
0.62
31.37
6.42
3.22
2.13
1.60
1.28
1.07
0.92
0.80
0.71
0.64
31.40
6.40
3.19
2.13
1.60
1.28
1.06
0.91
0.80
0.71
0.64
31.60
6.46
3.24
2.16
1.62
1.30
1.08
0.93
0.81
0.72
0.65
31.51
6.45
3.22
2.15
1.61
1.29
1.08
0.92
0.81
0.72
0.65
31.58
6.38
3.21
2.14
1.60
1.28
1.07
0.92
0.80
0.71
0.64
31.83
6.53
3.28
2.18
1.64
1.31
1.09
0.94
0.82
0.73
0.65
31.63
6.49
3.23
2.15
1.61
1.29
1.08
0.92
0.81
0.72
0.65
31.75
6.49
3.26
2.17
1.63
1.30
1.09
0.93
0.81
0.72
0.65
31.78
6.57
3.27
2.19
1.64
1.31
1.09
0.94
0.82
0.73
0.65
31.88
6.47
3.25
2.17
1.63
1.30
1.09
0.93
0.81
0.72
0.65
31.67
6.44
3.22
2.15
1.61
1.29
1.07
0.92
0.81
0.72
0.64
31.57
6.45
3.25
2.17
1.62
1.30
1.09
0.93
0.81
0.72
0.65
31.47
6.43
3.22
2.15
1.61
1.29
1.07
0.92
0.80
0.72
0.64
32.05
6.56
3.28
2.18
1.64
1.31
1.09
0.93
0.82
0.73
0.65
30.63
6.26
3.14
2.09
1.57
1.26
1.05
0.90
0.78
0.70
0.63
30.61
6.21
3.12
2.08
1.56
1.25
1.04
0.89
0.78
0.69
0.63
31.08
6.31
3.16
2.11
1.58
1.27
1.06
0.90
0.79
0.70
0.63
30.65
6.29
3.14
2.09
1.57
1.26
1.05
0.90
0.78
0.70
0.63
31.17
6.35
3.18
2.12
1.59
1.27
1.06
0.91
0.80
0.71
0.64
31.40
6.39
3.21
2.14
1.60
1.28
1.07
0.91
0.80
0.71
0.64
29.98
6.11
3.05
2.03
1.53
1.22
1.02
0.87
0.76
0.68
0.61
30.20
6.19
3.08
2.06
1.55
1.24
1.03
0.88
0.77
0.69
0.62
30.40
6.19
3.10
2.06
1.55
1.24
1.03
0.88
0.77
0.69
0.62
29.85
6.10
3.05
2.04
1.52
1.22
1.02
0.87
0.76
0.68
0.61
29.84
6.09
3.04
2.03
1.52
1.22
1.02
0.87
0.76
0.68
0.61
30.09
6.15
3.08
2.05
1.54
1.23
1.03
0.88
0.77
0.68
0.62
29.51
5.96
2.99
1.99
1.49
1.20
1.00
0.85
0.75
0.66
0.60
30.12
6.11
3.06
2.04
1.53
1.23
1.02
0.87
0.76
0.68
0.61
29.60
6.04
3.02
2.01
1.51
1.20
1.00
0.86
0.75
0.67
0.60
30.24
6.12
3.09
2.06
1.55
1.24
1.03
0.88
0.77
0.69
0.62
29.86
6.05
3.04
2.03
1.52
1.22
1.01
0.87
0.76
0.68
0.61
29.62
6.01
2.99
2.00
1.50
1.20
1.00
0.86
0.75
0.67
0.60
30.41
6.16
3.09
2.07
1.55
1.24
1.04
0.89
0.78
0.69
0.62
30.22
6.10
3.05
2.04
1.52
1.22
1.02
0.87
0.76
0.68
0.61
30.84
6.27
3.14
2.10
1.57
1.26
1.05
0.90
0.79
0.70
0.63
30.29
6.17
3.09
2.06
1.55
1.24
1.03
0.88
0.77
0.69
0.62
30.00
6.09
3.05
2.04
1.53
1.22
1.02
0.87
0.76
0.68
0.61
30.01
6.09
3.05
2.03
1.52
1.22
1.02
0.87
0.76
0.68
0.61
30.30
6.17
3.09
2.05
1.54
1.23
1.03
0.88
0.77
0.68
0.62
30.49
6.20
3.10
2.07
1.55
1.24
1.03
0.89
0.77
0.69
0.62
30.39
6.16
3.10
2.06
1.55
1.24
1.03
0.88
0.77
0.69
0.62
30.72
6.28
3.12
2.09
1.57
1.25
1.05
0.90
0.78
0.70
0.63
30.48
6.20
3.10
2.07
1.55
1.24
1.04
0.89
0.78
0.69
0.62
29.87
6.08
3.05
2.03
1.52
1.22
1.01
0.87
0.76
0.68
0.61
30.77
6.26
3.13
2.09
1.56
1.25
1.04
0.89
0.78
0.70
0.63
31.22
6.40
3.19
2.13
1.59
1.27
1.06
0.91
0.80
0.71
0.64
31.01
6.35
3.18
2.12
1.59
1.27
1.06
0.91
0.79
0.71
0.64
31.09
6.33
3.17
2.11
1.59
1.27
1.06
0.91
0.79
0.70
0.63
32.08
6.53
3.27
2.18
1.64
1.31
1.09
0.93
0.82
0.73
0.65
30.32
6.19
3.09
2.06
1.55
1.24
1.03
0.88
0.77
0.69
0.62
31.40
6.37
3.19
2.13
1.60
1.28
1.06
0.91
0.80
0.71
0.64
30.74
6.28
3.16
2.10
1.58
1.26
1.05
0.90
0.79
0.70
0.63
30.24
6.17
3.09
2.06
1.55
1.24
1.03
0.88
0.77
0.69
0.62
30.84
6.23
3.12
2.08
1.56
1.25
1.04
0.89
0.78
0.69
0.63
30.92
6.30
3.15
2.10
1.58
1.26
1.05
0.90
0.79
0.70
0.63
31.21
6.36
3.18
2.12
1.59
1.27
1.06
0.91
0.80
0.71
0.64
31.22
6.37
3.20
2.13
1.59
1.28
1.06
0.91
0.80
0.71
0.64
31.50
6.43
3.22
2.14
1.61
1.29
1.07
0.92
0.80
0.72
0.64
31.48
6.49
3.26
2.18
1.63
1.31
1.09
0.93
0.82
0.73
0.65
31.91
6.50
3.27
2.18
1.64
1.31
1.09
0.94
0.82
0.73
0.65
32.39
6.51
3.29
2.19
1.65
1.32
1.10
0.94
0.82
0.73
0.66
32.08
6.55
3.27
2.18
1.63
1.31
1.09
0.94
0.82
0.73
0.66
31.90
6.56
3.29
2.21
1.66
1.32
1.10
0.95
0.83
0.74
0.66
31.30
6.41
3.23
2.15
1.61
1.29
1.08
0.92
0.81
0.72
0.65
31.43
6.36
3.20
2.13
1.60
1.28
1.07
0.91
0.80
0.71
0.64
31.74
6.50
3.27
2.18
1.63
1.31
1.09
0.94
0.82
0.73
0.65
31.55
6.49
3.24
2.16
1.62
1.30
1.08
0.93
0.81
0.72
0.65
31.98
6.55
3.29
2.21
1.65
1.32
1.10
0.94
0.82
0.73
0.66
31.66
6.45
3.22
2.15
1.62
1.29
1.08
0.92
0.81
0.72
0.65
31.52
6.43
3.21
2.15
1.61
1.30
1.07
0.92
0.81
0.72
0.64
31.72
6.47
3.23
2.16
1.62
1.29
1.08
0.92
0.81
0.72
0.65
32.08
6.54
3.28
2.19
1.64
1.31
1.10
0.94
0.82
0.73
0.66
31.36
6.39
3.19
2.13
1.60
1.28
1.07
0.91
0.80
0.71
0.64
