17.46
3.95
3.46
3.51
3.15
3.41
3.47
3.03
2.79
3.27
3.37
22.71
3.98
3.80
3.60
3.38
3.44
3.79
3.54
3.64
3.58
3.63
11.45
3.09
2.48
2.79
2.40
2.41
2.66
2.40
2.53
2.40
2.61
15.92
2.84
3.24
3.20
3.09
3.59
2.99
2.93
2.90
3.10
3.27
24.29
3.82
3.83
3.71
3.66
3.70
3.72
3.77
3.86
3.67
3.50
22.55
4.61
4.54
4.05
4.10
4.12
4.10
4.07
3.95
4.18
4.21
29.75
6.02
3.82
3.84
3.49
3.48
3.56
3.50
3.55
3.52
3.49
25.24
4.81
4.38
4.16
4.06
3.82
4.30
3.71
4.13
4.17
3.81
19.65
3.35
3.80
3.33
3.47
3.22
3.30
3.43
3.20
3.40
3.22
18.10
4.36
3.48
3.95
3.94
4.00
3.97
3.62
3.71
3.94
3.90
13.75
3.64
2.55
2.61
2.48
2.54
2.37
2.49
3.00
2.66
2.50
23.42
3.51
3.02
2.99
2.69
2.83
3.46
2.91
2.88
2.84
2.92
20.55
5.11
3.86
4.14
3.73
4.00
3.85
3.80
4.11
3.95
3.75
25.46
3.88
3.44
3.48
3.42
3.31
3.35
3.44
3.62
3.42
3.56
17.51
6.80
3.25
3.20
3.16
3.31
3.16
3.35
3.16
3.29
3.35
12.50
2.39
2.49
2.72
2.50
1.83
2.13
2.08
1.89
2.00
2.40
13.30
4.53
3.88
3.59
3.36
3.54
3.35
3.52
3.42
3.70
3.10
19.30
4.40
3.25
3.27
3.19
3.32
3.39
3.36
3.31
3.46
3.03
10.03
3.77
2.24
1.96
2.78
2.39
2.56
2.35
2.35
2.66
2.69
24.95
4.92
3.95
3.98
3.97
3.95
4.00
3.85
3.91
3.99
3.99
17.96
3.97
2.93
2.96
2.79
3.22
3.09
3.08
2.89
2.84
3.01
19.83
3.47
2.91
2.94
2.88
3.01
3.16
2.84
2.64
2.75
2.71
14.77
2.96
2.52
2.59
2.98
2.75
2.55
3.05
3.07
2.91
2.52
18.09
3.37
2.85
2.95
2.98
3.07
2.81
2.60
2.95
2.59
2.89
14.16
1.76
1.51
1.66
1.46
1.65
1.51
1.55
1.50
1.75
1.53
17.76
4.52
3.36
3.00
3.77
3.53
3.12
3.02
3.74
3.01
3.17
23.65
4.01
3.80
3.99
3.97
3.89
3.65
3.90
3.71
4.00
3.99
13.60
3.34
2.98
2.85
2.93
3.34
2.58
3.17
2.65
2.82
2.72
14.10
3.84
2.54
2.30
2.35
2.15
2.32
2.02
2.08
2.07
2.05
17.03
3.34
2.50
2.37
2.95
2.97
2.59
2.38
2.33
2.26
2.98
28.74
5.62
3.88
3.89
4.07
3.94
3.82
4.00
3.91
3.93
3.84
21.35
4.02
3.62
3.28
3.59
3.94
3.97
3.86
3.96
3.56
3.61
24.51
6.73
4.10
3.97
3.88
3.90
4.11
4.13
4.05
4.04
4.19
21.92
3.07
2.99
2.89
3.08
3.18
3.13
3.42
3.06
2.88
3.10
30.75
5.50
4.52
4.29
4.54
5.20
4.51
4.94
5.46
4.79
5.46
29.31
6.31
4.26
4.36
4.33
4.32
4.32
4.34
4.31
4.32
4.32
17.51
3.60
3.77
3.68
3.48
3.91
3.56
3.65
3.38
3.41
3.35
24.47
4.82
3.70
3.45
3.63
3.63
3.73
3.70
3.69
3.74
3.70
21.61
3.75
3.55
2.96
3.03
2.67
2.84
2.77
2.82
3.06
3.11
22.41
3.74
3.46
3.40
3.53
3.35
3.62
3.68
3.56
3.43
3.51
23.11
3.81
3.64
3.49
3.64
3.49
3.42
3.45
3.30
3.47
3.47
20.76
3.49
2.77
3.14
2.98
3.05
2.83
2.96
2.82
2.79
2.70
24.12
4.45
3.78
3.82
3.83
3.98
4.12
3.66
3.89
3.89
4.05
28.55
4.54
3.50
4.22
3.57
3.34
3.33
3.18
3.12
4.01
4.04
24.71
3.23
3.47
3.12
2.95
2.85
2.93
2.85
2.96
3.13
3.24
21.48
6.51
3.37
4.11
3.45
3.40
3.51
3.66
3.46
3.91
4.40
21.06
3.53
3.03
3.52
3.50
3.27
3.10
3.32
3.62
3.49
3.41
23.41
3.42
4.14
2.92
3.03
2.97
3.18
2.92
3.55
3.33
3.26
29.37
4.36
4.27
4.34
4.37
4.45
4.12
4.72
4.21
4.33
4.56
12.26
2.77
2.71
2.56
2.91
2.65
3.15
2.95
3.07
2.76
2.80
14.44
4.71
2.72
3.17
3.02
2.89
2.99
2.95
3.02
2.74
3.12
22.99
5.51
3.62
3.79
3.98
3.86
3.70
3.38
3.83
3.69
3.43
11.45
3.93
3.23
3.18
3.55
3.46
4.00
3.64
3.06
3.15
3.23
16.84
2.64
2.42
2.19
2.32
2.48
2.04
2.31
2.74
2.51
2.47
17.34
3.86
2.90
2.63
2.68
2.76
2.52
3.11
2.54
2.74
2.99
25.47
6.89
4.00
3.94
3.99
3.97
4.05
4.24
4.09
3.98
4.25
13.35
2.38
2.18
2.06
2.50
2.09
2.10
2.03
2.12
2.15
2.15
24.58
3.12
2.62
2.78
2.69
3.07
2.81
2.81
2.84
3.17
2.71
11.91
2.54
2.28
2.25
2.30
2.32
2.02
2.51
2.21
2.29
2.25
15.36
2.65
2.03
2.12
1.97
2.40
2.18
2.25
2.40
2.03
2.41
20.61
4.27
3.34
3.48
3.49
3.68
3.57
3.71
3.52
3.83
3.27
25.46
5.43
4.62
4.27
4.75
4.48
4.40
4.50
4.49
4.21
4.51
25.39
3.76
2.61
3.71
3.77
3.19
3.27
3.32
3.25
3.14
3.07
12.79
3.51
3.34
3.39
3.76
3.65
3.31
3.31
3.33
3.28
3.40
14.21
2.41
2.82
2.64
2.37
2.66
2.41
2.31
2.50
2.46
2.39
17.91
2.87
3.21
3.43
3.16
3.44
2.86
3.39
2.83
3.07
2.77
21.14
5.58
3.64
3.58
3.83
4.33
3.60
3.57
3.76
3.76
3.54
16.08
2.08
2.00
2.60
2.11
2.21
2.14
2.23
2.24
2.56
2.46
11.37
1.95
2.08
1.95
1.80
1.86
2.56
2.21
2.13
2.11
1.85
16.89
3.99
3.10
2.85
2.83
2.39
2.70
2.92
2.39
2.99
2.90
18.22
4.63
4.01
3.97
3.60
3.43
4.05
3.43
4.10
3.82
3.86
27.52
4.84
4.18
4.42
4.23
4.38
4.01
3.85
4.04
4.40
4.10
15.69
2.67
2.13
2.39
2.10
1.92
1.81
1.85
2.00
2.46
1.91
12.61
4.18
3.06
2.94
2.69
2.49
2.93
2.81
2.61
3.10
3.17
14.26
2.41
2.15
2.63
2.24
2.17
2.52
2.33
2.32
2.92
2.63
11.94
2.03
1.77
1.78
1.88
1.93
1.86
2.02
1.78
2.11
1.98
16.78
3.13
3.34
3.53
3.54
3.73
3.29
3.25
3.27
3.75
3.17
27.02
6.33
4.09
4.05
4.03
4.04
4.13
4.06
4.05
3.87
4.07
17.61
3.46
3.20
3.22
3.29
3.41
3.13
3.29
3.36
3.37
3.21
26.95
6.51
4.12
4.22
4.07
4.11
4.09
4.11
4.10
4.09
4.10
17.23
2.85
2.63
2.83
3.04
3.38
2.89
3.24
2.82
2.76
3.47
13.91
3.93
2.28
2.59
2.30
2.86
2.35
2.37
2.39
2.57
2.14
28.50
4.40
3.95
4.34
3.91
3.76
3.96
3.97
3.82
3.78
4.17
24.21
5.32
3.26
3.64
3.41
3.49
3.29
3.44
3.47
3.47
3.38
11.98
3.66
3.03
3.11
3.56
3.35
3.14
3.43
3.21
3.12
2.90
20.67
5.64
3.92
3.85
3.83
3.66
3.67
3.69
3.80
3.91
3.88
22.96
5.16
3.44
3.31
3.34
3.21
3.27
3.32
3.33
3.29
3.20
17.66
4.69
3.23
3.06
2.91
2.82
3.14
3.12
3.09
3.09
3.13
10.25
2.05
2.40
1.98
1.98
1.93
2.04
2.04
2.53
2.38
2.37
8.33
2.36
2.24
2.10
2.54
2.37
2.63
2.31
2.55
2.77
2.50
22.08
5.68
3.87
3.88
3.85
3.89
3.86
4.06
3.87
3.85
3.85
16.93
3.47
3.41
3.24
3.32
3.14
3.33
3.21
3.18
3.08
3.46
15.39
3.76
3.43
3.78
4.06
3.57
3.83
3.73
3.78
4.06
3.72
13.72
3.60
3.90
2.98
3.52
3.21
3.58
2.92
3.46
3.56
3.33
18.70
5.26
3.23
3.74
3.51
3.27
3.31
3.37
3.25
3.62
3.28
19.36
5.50
3.68
3.37
3.57
3.84
3.24
3.67
3.40
3.38
3.56
27.61
4.62
3.80
4.06
3.84
3.84
3.97
3.83
3.84
3.84
3.87
13.21
2.12
2.08
2.52
2.51
2.27
2.18
2.47
2.16
2.12
2.62
7.57
1.66
1.70
1.52
1.61
1.52
1.54
1.69
1.60
1.55
1.76
19.40
5.19
4.14
3.07
3.34
3.28
2.98
3.17
3.03
3.32
3.47
12.83
2.23
2.54
2.38
2.69
2.43
2.45
2.54
2.55
2.72
2.46
23.77
2.35
1.88
1.82
2.13
2.47
2.07
1.88
2.08
2.01
2.07
15.57
3.24
3.68
3.41
3.39
3.28
3.28
2.93
3.26
3.42
2.98
22.89
3.69
3.73
3.60
3.64
3.83
3.97
3.55
3.67
3.81
3.55
25.02
3.83
3.96
3.85
3.92
4.11
3.90
4.02
3.86
3.84
3.87
28.81
3.90
4.01
3.92
3.91
4.02
3.85
3.99
3.98
3.91
3.93
10.96
3.06
3.36
2.92
2.95
2.97
3.12
2.88
2.95
3.16
2.83
20.87
3.68
4.17
4.25
4.27
4.24
4.25
4.31
4.25
4.25
4.21
17.17
2.40
2.08
2.25
2.35
2.22
2.34
2.25
2.12
2.18
2.13
27.34
3.20
3.11
3.33
3.37
3.59
3.15
2.98
2.88
3.21
3.38
21.87
3.95
3.44
3.34
3.07
3.22
3.14
3.07
3.12
3.26
3.12
27.84
4.00
3.72
3.86
3.49
3.52
3.62
3.67
3.47
3.69
3.56
24.91
4.11
3.98
3.92
4.41
3.95
3.91
4.08
4.10
4.19
4.21
29.94
5.86
3.64
3.71
3.90
3.83
3.85
3.81
3.84
3.82
3.78
25.57
4.19
3.46
3.84
3.54
3.51
3.64
3.78
3.68
3.66
3.72
20.47
3.92
3.43
3.37
3.13
3.24
3.34
3.34
3.18
3.28
3.29
15.35
4.20
3.54
3.33
4.28
3.57
3.09
3.80
3.31
3.59
3.44
16.85
2.91
3.18
3.02
2.81
3.19
2.87
3.29
2.71
2.94
2.63
21.55
4.14
3.96
3.89
4.27
3.98
4.15
3.92
4.35
4.35
4.04
14.86
2.19
2.18
2.14
2.19
2.39
2.35
2.78
2.46
2.69
2.39
7.05
1.34
1.35
1.14
1.10
1.22
1.34
1.23
1.24
1.16
1.28
22.35
3.65
2.91
2.84
2.76
2.88
2.80
2.63
2.88
2.87
2.76
22.68
4.14
3.58
3.46
3.68
3.42
3.50
3.49
3.75
3.88
3.78
26.96
6.50
4.02
4.23
4.28
4.14
4.08
3.94
4.05
4.14
4.28
11.51
3.92
3.81
3.39
3.35
3.94
3.76
4.19
3.90
3.80
3.75
23.85
5.16
4.49
4.44
4.48
4.47
4.50
4.49
4.48
4.49
4.48
29.14
5.12
3.83
3.74
3.77
3.76
3.77
3.74
3.71
3.72
3.72
21.23
5.02
3.89
3.86
3.79
3.79
3.86
3.68
3.77
3.86
4.07
