21.74
4.35
3.71
4.16
4.31
4.29
3.82
4.29
4.29
4.05
4.29
20.39
6.34
3.82
3.91
3.20
2.89
3.15
3.32
3.41
3.37
3.11
18.00
3.94
3.61
3.53
3.62
3.53
3.42
3.74
3.79
3.42
3.78
22.94
5.49
4.09
3.60
4.06
3.68
3.39
3.47
3.47
3.68
3.54
20.58
4.48
3.51
3.39
3.35
3.33
3.65
3.77
3.54
3.29
3.69
23.69
5.71
4.65
4.54
4.67
4.46
4.76
4.69
5.02
4.70
4.13
26.49
4.65
3.68
3.80
4.01
3.81
3.87
3.87
3.86
3.66
4.03
29.13
6.72
4.11
3.73
4.27
4.00
3.85
3.95
4.02
3.86
3.81
22.20
4.16
3.69
3.91
3.17
3.35
3.32
3.38
3.37
3.52
3.58
14.07
3.10
2.93
2.32
2.96
2.56
2.55
2.29
3.05
2.99
2.78
11.64
3.16
2.38
2.07
2.86
2.50
2.61
2.67
1.96
2.20
2.38
20.60
4.48
3.33
3.33
3.25
3.24
3.29
3.32
3.42
3.40
3.32
11.26
2.53
2.63
3.51
2.79
2.93
2.58
2.60
2.55
2.81
3.16
18.05
3.46
3.64
3.57
3.76
3.34
3.81
3.59
3.50
3.34
3.38
22.64
2.84
2.42
2.42
2.34
2.15
2.90
2.70
2.40
2.41
2.28
14.97
1.03
2.26
2.29
1.80
2.01
2.15
1.87
2.07
2.11
1.87
11.59
2.36
2.54
2.87
2.57
2.56
2.47
2.57
2.65
2.55
2.47
10.75
1.97
2.30
2.35
2.23
2.17
2.14
2.64
2.54
2.57
2.25
19.98
3.40
2.50
2.44
2.38
2.35
2.57
2.45
2.50
2.57
2.48
14.52
2.31
2.85
2.30
2.03
2.32
2.35
2.19
2.56
2.47
2.83
20.59
3.91
3.41
3.48
3.19
3.29
3.40
3.95
3.08
3.37
3.39
18.36
3.92
3.56
3.64
3.28
3.25
3.22
3.37
3.52
3.26
3.17
14.70
1.96
2.14
1.83
1.96
2.06
2.05
1.68
1.74
1.63
1.59
11.70
2.11
1.49
1.79
2.08
2.08
2.03
2.08
2.16
2.03
2.20
23.43
2.68
2.49
2.95
2.40
2.28
2.57
2.50
2.43
2.44
2.42
16.03
3.95
3.33
3.50
4.58
3.62
3.85
3.86
3.74
3.95
3.71
19.87
3.74
3.77
3.46
4.05
4.47
3.74
3.86
3.70
4.03
3.67
18.95
1.63
1.67
1.92
1.97
1.92
1.95
1.77
1.70
2.18
1.85
14.42
1.66
1.75
1.83
1.82
1.62
1.56
1.88
1.56
1.88
1.79
17.39
4.04
3.52
3.65
3.84
3.49
3.52
3.75
3.30
3.46
3.82
23.78
3.73
2.96
3.42
3.05
3.14
3.07
2.98
3.45
3.07
2.91
14.85
4.16
3.36
2.85
2.99
2.83
2.98
3.45
3.06
2.93
2.87
24.70
3.77
3.71
3.74
3.69
3.77
3.77
3.75
3.84
3.76
3.73
11.23
2.05
2.41
2.70
2.22
2.15
2.84
2.44
2.13
2.32
2.41
21.92
3.42
3.63
3.82
4.02
3.14
3.42
3.48
4.06
3.32
3.64
26.42
4.00
3.37
3.27
3.55
3.25
3.41
3.62
3.60
3.29
3.52
8.23
2.32
2.04
1.98
2.46
1.92
2.09
2.25
1.92
2.28
1.93
13.46
2.63
2.44
2.53
3.20
2.39
2.89
2.46
2.60
2.90
2.58
6.74
3.42
3.03
2.83
3.22
3.18
3.34
2.97
2.69
2.54
3.01
22.95
3.34
2.57
3.08
3.14
2.59
3.00
3.51
2.60
3.01
3.06
26.65
3.52
3.77
3.69
3.45
3.95
3.76
3.77
3.76
3.61
3.54
13.10
3.82
3.54
3.65
3.57
3.58
4.21
3.63
4.01
4.11
3.76
20.54
4.54
3.45
3.55
3.03
3.21
3.49
3.36
3.22
3.54
3.42
29.74
5.45
4.10
3.83
3.73
3.81
3.57
3.75
3.80
3.62
3.77
20.02
5.10
3.57
3.44
3.52
3.67
3.45
3.44
3.56
3.61
3.58
11.73
3.20
2.86
3.34
3.34
3.37
3.50
3.33
4.03
3.59
3.46
13.88
3.15
2.76
2.70
2.98
2.90
3.03
2.49
3.26
3.83
2.58
12.28
2.49
3.40
2.62
2.56
2.46
2.60
3.71
2.70
3.43
2.64
15.88
2.72
2.80
2.40
2.09
2.27
2.41
2.32
1.96
2.18
2.39
25.48
3.96
3.69
4.12
3.88
3.77
3.77
3.53
3.67
3.66
3.58
29.50
5.67
4.08
4.37
4.42
4.15
4.40
4.56
4.33
4.35
4.46
25.90
4.16
3.79
3.61
3.59
3.77
3.85
3.75
3.73
3.63
3.78
14.32
2.85
2.32
2.12
2.34
2.86
2.25
2.20
2.62
2.32
2.31
17.80
2.81
2.93
2.24
2.72
2.61
2.82
3.03
2.82
2.92
2.66
28.62
4.70
3.83
4.11
4.35
4.54
4.39
4.76
4.04
4.37
4.06
19.65
3.45
3.51
3.68
3.66
3.45
3.84
3.43
4.17
3.38
3.39
13.06
3.20
3.07
3.08
3.23
3.32
3.09
3.24
3.29
3.38
3.29
21.87
5.03
4.14
3.71
3.88
4.10
4.51
4.38
3.65
3.84
3.83
16.72
3.78
2.93
3.21
3.46
3.12
3.31
3.42
2.92
3.10
3.12
9.23
2.47
1.86
1.85
2.67
2.61
1.84
1.66
1.73
1.84
1.69
14.90
2.32
2.61
2.66
2.63
2.78
2.52
2.57
2.49
2.66
2.77
28.73
3.52
4.18
4.07
3.77
3.35
3.93
3.98
3.30
3.33
3.56
26.32
5.26
3.32
3.48
3.51
3.09
3.38
3.22
3.25
3.36
3.61
28.12
3.27
3.74
3.95
3.28
3.28
3.21
3.64
3.43
3.44
3.21
15.45
5.28
2.71
2.53
2.49
3.40
2.90
2.61
3.34
3.20
3.24
21.49
3.72
3.25
3.45
3.27
3.03
3.17
3.12
3.07
3.47
3.10
18.27
4.00
3.23
3.30
3.13
3.43
3.25
3.23
3.23
3.41
3.35
25.54
3.44
3.70
3.21
3.32
3.54
3.38
3.75
3.09
3.52
3.22
27.22
4.00
3.05
3.16
3.16
3.01
3.46
3.09
3.45
3.13
3.07
25.12
4.05
3.74
3.50
3.97
3.59
3.71
3.62
3.55
3.53
3.49
25.26
4.64
4.48
4.18
4.29
4.63
4.70
4.23
4.40
4.71
4.66
24.42
3.32
3.88
3.47
3.83
3.38
3.47
3.34
3.83
3.53
3.34
19.30
3.09
2.81
2.33
2.23
2.67
2.56
3.01
2.31
2.32
2.34
24.32
4.02
4.33
3.82
3.95
3.92
4.22
4.09
3.88
3.66
4.31
12.45
2.79
2.53
3.44
2.97
3.14
2.55
2.71
2.68
3.43
2.41
19.39
4.96
3.40
3.09
3.15
3.48
3.25
3.44
3.14
3.56
3.35
13.99
2.21
1.93
2.03
2.07
2.31
2.44
2.12
2.26
2.30
2.39
5.80
1.71
2.02
1.48
1.88
1.70
1.62
1.72
1.88
1.43
1.85
19.61
2.60
2.58
2.19
2.62
2.64
2.72
2.53
2.72
2.73
2.84
22.48
4.08
3.71
3.69
3.75
3.59
3.71
3.79
3.74
3.58
3.33
22.33
4.56
4.43
3.92
3.80
3.98
4.05
4.15
3.48
4.26
4.13
20.78
5.36
3.68
3.35
3.33
3.34
2.98
3.10
3.21
2.93
2.89
19.97
3.64
2.63
2.86
3.29
2.98
3.59
3.52
3.35
2.92
3.04
15.09
4.01
3.48
4.07
3.47
3.84
3.84
3.92
3.49
3.81
3.58
16.80
3.33
3.61
2.79
2.87
3.61
3.93
2.87
2.98
2.74
3.50
23.52
5.65
3.93
3.91
4.14
3.80
4.06
3.64
3.79
3.74
3.69
19.97
3.81
4.14
4.07
4.27
3.91
4.06
3.99
3.87
3.83
3.97
26.90
6.14
3.95
4.21
4.26
3.84
4.19
3.81
4.02
4.00
3.91
26.99
5.09
4.07
4.21
4.20
3.95
3.97
4.30
4.00
4.09
4.34
17.05
4.97
3.74
4.17
3.41
3.56
3.32
3.42
3.17
3.40
3.28
19.90
4.59
3.86
3.67
3.64
3.71
3.58
3.56
3.66
3.59
3.43
22.15
5.06
4.14
3.99
4.29
4.15
4.22
4.36
4.34
3.85
4.22
23.57
5.50
3.58
4.02
3.98
4.06
3.48
3.44
3.44
4.16
3.71
19.24
3.59
2.96
3.17
3.10
3.28
3.41
3.11
3.19
3.23
3.77
28.44
4.64
3.67
3.77
3.72
3.82
3.91
3.70
3.74
3.61
3.81
25.22
4.56
3.56
3.98
4.64
4.03
4.24
4.47
4.03
4.01
3.94
28.45
4.04
5.10
4.15
4.21
4.17
4.45
3.91
4.32
4.06
4.19
14.69
5.04
3.40
3.16
3.24
3.01
3.15
3.55
3.21
3.06
3.11
25.95
5.75
3.98
4.15
4.02
3.92
4.17
3.96
4.15
4.08
4.07
12.05
3.24
3.41
2.89
3.62
2.89
2.91
3.04
3.58
2.92
2.80
10.53
1.80
2.01
1.60
2.20
1.92
2.29
1.92
2.33
2.00
1.78
9.99
2.85
2.31
2.61
2.33
2.54
2.68
2.27
2.55
2.22
2.43
15.34
4.06
3.31
3.15
3.12
3.19
3.07
3.40
3.22
3.42
3.30
18.37
3.55
2.23
2.28
2.46
2.61
2.50
2.32
2.52
2.79
2.41
22.86
5.46
3.39
3.72
3.55
3.75
3.75
3.77
3.77
3.50
3.51
23.77
4.13
3.11
3.30
3.71
3.46
3.50
3.37
3.43
3.35
3.86
14.11
3.40
2.96
2.60
2.37
2.76
2.79
2.64
2.82
2.60
2.55
19.74
3.92
3.72
3.96
3.90
3.98
3.96
3.96
3.98
3.69
3.88
20.31
4.84
3.48
3.92
3.23
3.43
3.25
3.32
3.24
3.31
3.34
25.87
3.90
4.02
4.03
4.01
4.01
3.87
3.88
4.00
3.98
3.90
25.10
4.85
3.91
3.72
4.04
3.71
4.04
3.82
3.67
3.97
3.65
21.59
3.53
3.77
3.68
3.83
3.59
3.49
3.60
3.70
3.74
3.79
7.61
2.29
2.66
2.25
2.40
2.32
1.95
1.99
2.35
2.36
2.11
22.93
4.01
3.74
3.75
3.41
3.81
3.27
3.58
3.58
3.17
3.96
25.31
5.72
3.95
3.79
4.08
3.97
4.25
4.22
4.00
4.00
3.94
22.91
3.87
3.90
3.74
3.93
3.79
3.86
3.81
3.89
3.59
3.70
15.90
3.79
2.02
2.82
2.22
1.91
2.16
1.89
1.98
1.95
2.24
13.65
2.38
2.14
1.91
1.85
2.17
2.00
2.32
1.83
1.93
2.18
19.08
3.90
3.52
3.43
3.60
3.83
3.86
3.83
3.83
3.93
3.67
24.15
4.53
4.24
4.57
4.65
4.39
4.32
4.64
4.32
4.25
4.30
7.93
2.32
1.46
1.42
1.81
1.60
1.50
1.38
1.59
1.48
1.38
6.72
1.05
1.26
1.13
1.43
1.14
1.10
1.15
1.09
1.42
1.28
27.38
5.68
3.82
4.04
3.70
3.89
3.64
3.64
3.73
3.51
3.70
6.41
2.20
2.42
2.34
2.28
2.14
2.25
2.56
2.26
2.30
2.35
4.47
1.98
2.37
1.81
2.05
1.80
2.33
2.33
1.94
2.15
2.06
27.66
4.71
3.87
3.83
4.04
3.86
3.63
3.83
4.02
3.97
3.92
8.62
3.71
2.61
2.39
2.35
2.31
2.14
2.09
2.65
2.57
2.87
18.52
2.95
2.91
2.47
2.83
3.08
2.52
2.61
2.69
2.74
2.80
