12.00
12.77
16.50
12.14
14.17
14.17
12.14
14.17
14.17
12.14
14.17
11.00
17.00
15.04
16.05
9.78
18.63
9.78
9.78
9.78
21.05
9.78
7.00
19.71
21.08
14.59
19.71
19.71
21.08
19.71
19.71
19.45
19.71
26.00
21.00
22.59
13.68
15.36
15.36
15.36
15.36
15.36
15.36
15.36
22.00
22.00
18.53
20.02
20.02
16.57
20.02
20.02
20.02
14.64
20.02
11.00
9.00
16.56
16.56
16.56
16.56
16.56
16.56
16.56
16.56
16.56
19.00
20.00
11.86
15.48
15.48
11.86
11.86
15.48
11.86
9.30
15.48
19.00
15.00
17.45
15.20
17.45
17.45
17.45
12.04
17.45
12.04
15.20
7.00
14.00
14.16
18.19
18.19
18.19
18.19
22.27
14.44
14.66
14.44
7.00
11.00
20.08
11.97
15.27
19.40
8.77
16.77
11.97
11.97
11.97
24.00
16.00
14.52
16.25
16.25
16.25
16.25
16.25
16.25
10.52
10.52
25.00
16.00
13.47
13.47
17.61
19.69
16.12
13.47
13.47
20.59
13.47
8.00
11.97
16.72
21.89
19.40
16.72
15.20
20.55
14.57
16.72
16.72
20.00
15.06
21.14
17.03
24.35
17.74
21.14
21.14
18.19
17.03
15.06
14.00
13.00
11.86
19.00
12.11
19.00
10.84
10.84
19.00
19.00
17.75
11.00
12.75
18.63
11.71
18.63
14.32
11.47
19.91
19.91
19.91
12.75
26.00
15.83
16.45
18.73
22.68
10.64
15.66
13.31
16.45
10.75
17.72
19.00
15.03
10.75
7.46
20.03
17.79
7.46
10.92
10.92
8.67
12.09
18.00
15.00
14.82
10.36
20.75
17.38
16.78
17.17
14.67
19.27
9.70
10.00
17.17
16.99
13.55
15.03
13.55
11.04
13.55
16.99
11.04
16.99
12.00
20.00
8.97
12.97
15.99
15.43
15.43
12.97
12.97
15.43
12.97
24.00
19.31
23.68
23.68
12.62
17.77
20.35
21.37
23.68
17.77
17.77
18.00
18.18
15.85
15.83
10.50
15.43
15.43
17.22
10.50
17.22
19.22
12.00
12.19
13.84
20.82
13.87
13.72
13.78
18.10
18.10
13.87
18.10
11.00
13.74
14.90
12.40
19.03
10.96
14.90
14.90
7.35
17.31
13.18
21.00
12.20
12.24
13.23
13.23
15.30
13.23
12.20
13.23
13.23
13.23
19.00
12.27
12.27
12.27
12.27
12.27
12.27
12.27
17.64
15.49
9.08
20.00
16.78
15.85
18.36
16.78
18.36
17.20
18.36
12.81
18.36
16.78
14.00
13.78
19.44
19.44
14.72
19.44
18.75
19.44
18.75
19.44
19.44
5.00
14.00
9.98
9.98
20.22
25.75
9.98
9.98
15.60
20.22
9.98
16.00
19.00
19.64
20.60
15.51
15.51
12.02
15.51
10.96
20.60
15.17
25.00
12.00
13.53
12.64
12.68
11.95
16.05
13.53
13.53
13.53
12.88
16.00
22.56
9.62
9.62
22.56
9.62
9.62
9.62
22.88
15.51
5.40
24.00
18.00
15.86
22.96
15.48
10.56
15.56
17.69
16.97
17.01
17.01
16.00
17.32
17.32
17.32
17.32
17.32
17.32
17.32
17.32
17.32
17.32
21.00
12.00
10.58
13.60
10.58
13.66
16.30
14.58
16.30
14.58
10.58
5.00
13.00
16.12
16.12
13.82
16.12
9.38
13.82
11.78
17.03
16.12
25.00
8.00
13.06
15.42
22.82
21.03
20.86
23.31
17.63
20.86
20.86
5.00
18.00
16.82
18.98
13.55
13.55
13.55
18.98
10.34
14.25
21.15
11.00
14.65
19.77
14.65
11.76
22.87
10.27
13.67
10.27
13.67
16.50
14.00
15.73
11.06
7.28
7.28
7.28
11.06
11.06
11.06
22.75
11.53
26.00
20.00
20.22
16.88
22.70
22.70
22.70
22.70
22.70
22.70
17.02
17.00
8.00
17.20
17.20
17.20
17.20
17.20
8.17
17.20
17.20
17.20
15.00
20.00
18.00
14.93
14.46
10.71
14.46
14.46
10.71
10.23
14.46
21.00
23.00
13.07
13.07
13.07
13.07
13.07
22.59
13.07
13.07
9.46
5.00
17.00
19.13
12.73
15.50
12.73
8.31
12.73
12.73
12.73
12.73
14.00
18.60
17.78
18.60
21.52
17.64
16.99
16.99
16.99
16.99
21.52
10.00
13.00
14.63
14.63
14.63
14.63
16.62
14.63
17.41
14.63
14.63
12.00
6.00
11.59
11.59
12.57
13.90
15.24
15.07
10.15
12.57
15.24
19.00
26.00
24.51
23.13
23.13
23.13
24.51
13.11
13.11
7.45
13.11
21.00
14.00
9.42
9.42
9.42
13.55
9.42
9.42
9.42
9.42
9.42
8.00
19.00
12.32
25.97
26.03
16.95
9.38
12.32
16.95
17.79
16.95
9.00
11.27
15.64
20.48
20.34
20.34
15.64
23.34
18.99
18.99
15.64
21.00
12.97
15.08
12.75
13.96
15.08
15.40
14.90
22.11
13.96
11.39
21.00
10.00
20.79
20.79
21.37
23.74
23.74
23.74
21.37
23.74
21.37
21.00
14.78
17.57
12.20
16.63
17.57
17.57
10.07
17.57
17.57
16.63
7.00
18.68
18.89
18.48
16.94
16.94
15.10
12.63
16.94
16.94
16.94
25.00
15.00
19.91
19.91
10.45
19.91
19.91
19.91
13.14
19.91
19.91
18.00
7.00
10.04
11.96
11.96
11.08
11.96
11.96
14.61
11.96
16.72
11.00
18.00
12.30
12.00
12.00
12.00
13.00
14.57
13.03
13.03
20.49
25.00
24.00
14.71
19.76
14.75
14.20
14.82
14.71
19.76
15.88
19.76
21.00
17.76
13.78
13.78
13.78
12.01
13.78
13.78
17.76
15.88
17.76
17.00
14.00
14.20
16.58
10.95
18.34
16.58
18.34
18.34
18.34
18.03
16.00
18.56
12.96
14.32
12.96
14.32
20.82
20.79
12.96
12.96
14.32
8.00
16.00
10.37
17.32
16.95
23.93
17.32
18.88
23.93
23.93
16.13
22.00
12.00
20.11
14.69
17.68
17.68
12.97
17.68
17.68
12.43
22.92
9.00
10.00
12.86
19.16
14.88
11.64
19.16
19.16
19.16
19.16
19.16
16.00
19.47
12.64
19.47
13.20
19.47
13.20
19.47
12.64
13.20
12.64
20.00
11.00
11.85
11.17
14.01
11.17
12.24
14.01
12.24
14.01
14.01
20.00
17.77
17.77
17.77
6.78
17.77
6.78
17.77
17.77
23.18
17.77
16.00
12.80
12.80
12.80
12.80
12.80
12.80
12.80
12.80
12.80
12.80
25.00
16.33
12.91
12.91
12.91
12.91
12.91
12.91
12.91
12.91
15.66
17.00
18.79
10.19
18.68
18.68
18.68
10.54
20.58
17.18
12.93
18.28
22.00
10.14
10.05
22.16
17.86
26.34
22.55
10.14
23.14
22.16
10.05
7.00
16.07
10.39
13.98
10.39
13.81
20.95
10.39
13.81
10.39
12.50
17.00
15.00
14.32
10.47
12.49
22.70
15.47
12.49
14.32
12.49
12.49
12.00
24.90
17.34
18.95
17.36
17.36
16.06
24.90
16.87
17.36
17.36
23.00
17.94
17.94
12.81
19.56
12.39
19.84
21.38
16.77
19.84
16.77
19.00
12.09
17.94
13.79
21.16
17.51
16.36
12.09
16.03
16.03
12.09
20.00
16.00
20.80
21.91
18.26
18.26
18.26
21.91
20.80
18.93
20.80
11.00
16.00
8.23
8.23
8.23
8.23
8.23
8.23
24.58
8.23
8.23
16.00
18.00
16.14
14.15
14.79
20.13
13.63
15.99
10.86
16.14
16.14
22.00
11.10
21.00
18.86
9.98
18.86
11.10
20.00
20.00
18.86
23.93
22.00
14.62
14.37
14.62
12.33
16.11
16.11
16.11
17.07
15.66
17.07
16.00
13.35
17.50
15.21
17.04
17.50
16.76
16.76
17.04
22.10
17.50
18.00
24.00
15.99
15.99
18.37
15.99
15.99
15.99
18.37
18.37
18.37
23.00
17.77
17.24
17.77
17.24
17.77
17.77
16.81
16.97
17.77
16.81
25.00
13.00
18.63
20.72
20.72
20.72
10.51
20.72
20.72
10.51
18.63
20.00
14.00
16.72
12.30
12.30
11.40
16.72
12.30
16.72
12.30
12.30
7.00
16.00
9.49
9.49
12.72
13.62
9.49
9.71
9.49
9.71
22.92
9.00
18.00
8.97
8.97
12.31
12.31
20.78
20.78
8.62
20.78
12.31
5.00
20.00
24.32
12.72
12.72
24.32
24.32
12.72
12.72
9.83
12.72
17.00
14.00
20.78
14.89
20.78
14.89
20.81
20.81
14.89
14.89
14.89
10.00
7.00
13.34
13.34
11.51
21.81
10.06
18.54
15.23
15.23
7.64
7.00
21.00
7.51
11.15
8.79
10.14
10.14
8.79
8.79
25.68
10.14
16.00
6.00
13.23
10.27
21.69
10.27
10.27
21.69
10.27
10.27
10.27
12.00
14.62
13.00
14.62
14.62
14.62
14.62
14.62
14.62
14.62
14.62
6.00
18.00
16.24
17.23
16.34
13.28
15.10
20.37
16.34
16.24
16.24
10.00
16.00
20.95
20.95
20.95
20.95
5.87
7.20
5.87
7.20
7.20
6.00
18.00
9.64
9.64
20.20
20.20
20.20
13.20
19.09
20.20
20.20
10.00
22.03
14.87
14.70
13.29
13.29
14.70
18.19
14.70
14.87
14.70
25.00
13.00
16.51
12.00
12.00
13.97
12.00
13.97
18.03
12.00
11.58
24.00
22.00
9.61
8.75
10.89
14.89
11.13
9.61
14.89
9.61
20.37
15.00
10.00
18.17
11.47
15.54
17.85
20.43
12.07
12.91
15.54
12.91
11.00
15.00
24.24
15.51
14.48
15.51
15.51
15.51
15.51
15.51
15.51
8.00
19.00
20.97
15.60
18.55
18.55
18.55
16.48
12.99
18.55
18.55
12.00
18.97
19.44
22.05
19.23
12.56
19.23
19.23
18.97
12.56
19.23
8.00
18.00
7.15
20.46
20.46
20.46
20.46
16.86
16.86
16.86
16.86
10.00
25.00
13.92
17.95
23.04
20.81
23.06
23.06
23.04
23.05
20.81
24.00
22.52
15.27
22.52
15.27
15.27
15.27
15.27
15.27
15.27
22.52
14.00
8.00
16.54
23.58
23.58
23.58
6.67
16.54
6.67
23.58
9.39
23.00
22.03
18.30
11.14
18.79
18.30
11.14
14.98
18.30
11.14
11.14
6.00
13.34
7.48
7.66
20.61
14.25
10.41
19.14
14.25
15.50
15.50
14.00
20.00
19.18
15.19
12.30
19.18
19.18
19.18
19.18
12.30
19.18
15.00
16.00
13.93
21.05
21.05
13.93
21.05
21.05
21.05
19.50
21.05
10.00
15.13
15.13
15.13
15.13
15.13
13.31
15.13
15.13
13.31
15.13
18.00
18.00
17.08
13.88
17.22
18.34
18.38
18.38
18.38
18.38
13.14
11.00
7.87
15.91
19.85
7.87
11.79
10.76
12.96
19.85
20.90
11.79
7.00
7.52
12.85
12.85
21.12
12.85
12.85
12.85
12.85
12.85
12.85
15.00
21.68
14.16
21.68
21.68
21.68
21.68
21.68
18.61
14.16
14.16
17.00
15.00
13.30
21.67
17.40
16.60
21.38
15.85
16.60
17.72
12.98
15.00
14.24
11.87
18.17
18.06
11.87
16.30
18.17
16.30
14.86
14.86
15.00
14.00
22.97
22.97
15.66
22.97
15.53
15.53
22.97
22.97
15.66
26.00
15.65
19.14
18.98
18.98
18.69
15.89
18.69
18.69
18.69
18.69
5.00
9.18
17.92
16.85
15.06
11.13
11.18
11.18
14.20
12.32
12.88
8.00
7.00
17.84
17.84
17.84
7.35
17.84
7.35
17.84
7.35
17.84
24.00
15.00
17.79
14.36
20.02
11.74
20.02
19.31
15.62
15.82
18.12
12.00
10.00
11.71
17.23
16.17
11.64
16.71
16.71
13.08
13.08
13.51
