17.00
15.00
13.44
13.44
17.97
19.40
17.83
17.83
12.16
12.16
19.40
10.00
14.00
14.62
16.22
19.44
6.93
16.22
16.22
6.93
14.34
6.83
24.00
19.00
13.55
11.07
11.07
13.55
11.07
11.73
11.73
13.55
11.73
6.00
10.53
19.82
23.19
15.44
19.82
15.28
19.91
19.91
19.61
19.82
23.00
16.84
20.92
11.80
17.61
16.84
20.92
24.99
24.99
17.61
20.92
7.00
11.00
16.13
16.13
16.13
16.13
16.13
16.13
16.13
16.13
16.13
20.00
20.00
22.32
23.97
15.32
9.73
10.24
22.32
19.49
10.24
9.73
9.00
12.00
17.07
17.07
17.07
15.55
17.07
15.55
17.07
15.55
15.55
10.00
12.56
10.52
19.46
12.56
15.86
12.56
12.51
19.46
12.56
15.86
9.00
8.00
17.62
17.62
17.99
17.62
19.83
17.62
10.85
17.99
17.99
25.00
11.00
20.08
21.40
11.37
21.40
15.65
19.69
17.22
17.75
17.53
16.00
13.00
6.16
18.51
15.63
17.88
12.03
15.63
12.03
19.20
19.20
25.00
21.00
17.90
17.50
22.46
22.46
17.50
17.63
17.50
17.50
25.35
23.00
6.00
18.36
23.75
13.21
15.14
13.21
13.21
14.75
13.21
14.75
9.00
17.00
20.25
12.14
8.40
21.10
13.41
14.80
21.79
14.80
16.03
7.00
18.00
18.00
18.00
12.56
13.94
22.81
13.02
18.00
13.02
13.02
5.00
13.00
14.15
15.99
12.34
14.15
12.25
13.66
16.92
14.15
21.79
26.00
9.00
23.10
17.88
15.97
15.01
17.26
14.16
13.21
13.21
17.93
26.00
13.00
13.80
19.09
16.88
16.88
13.07
19.63
19.36
16.90
15.27
25.00
10.00
8.35
8.35
8.35
8.35
8.35
8.35
8.35
8.35
8.35
22.00
24.00
13.01
14.80
13.01
20.27
9.53
14.99
17.15
17.26
13.01
19.00
21.00
20.12
19.36
13.08
9.53
18.92
13.14
17.88
20.47
20.45
20.00
15.91
12.44
21.13
17.96
12.17
11.63
16.28
17.96
21.13
14.22
17.00
15.00
13.98
20.71
10.60
16.19
10.60
13.26
17.06
13.23
13.26
19.00
12.87
17.33
19.60
15.01
19.60
17.87
17.12
20.54
17.12
20.54
11.00
14.00
19.29
16.36
16.36
19.29
16.36
18.26
16.36
16.36
16.36
11.00
20.00
18.26
17.91
17.91
18.26
18.26
17.91
13.86
17.91
17.91
18.00
12.97
12.97
19.93
12.97
12.97
20.51
10.55
9.13
19.93
20.49
15.00
20.00
16.23
18.91
17.06
9.96
13.33
15.39
18.91
12.36
18.91
14.00
15.01
11.29
16.96
9.78
16.96
16.96
19.27
16.96
18.72
15.83
24.00
11.00
16.10
17.00
16.10
16.10
17.00
16.10
16.10
17.00
16.10
7.00
20.30
20.30
9.40
10.03
20.30
20.30
20.30
20.30
18.69
17.13
17.00
17.00
17.29
13.12
10.06
17.29
10.06
10.06
10.74
10.06
10.06
9.00
19.25
11.59
12.31
19.10
11.59
11.59
14.32
12.31
11.59
8.65
15.00
19.78
19.78
19.78
19.78
19.78
19.78
19.78
19.78
19.78
19.78
19.00
15.00
8.15
19.86
19.86
19.86
19.86
19.86
19.86
19.86
19.86
7.00
15.89
18.70
15.64
15.64
18.70
15.89
18.70
19.77
19.77
18.70
21.00
18.00
19.48
19.48
19.48
19.48
19.48
19.48
19.01
22.54
19.48
13.00
17.00
18.00
10.45
12.56
19.78
17.99
16.04
18.47
18.31
14.25
9.00
18.00
15.01
15.01
15.01
18.10
15.01
18.10
21.59
21.59
21.99
20.00
17.00
6.61
17.14
14.94
17.14
15.69
22.01
22.01
8.21
22.01
14.00
18.59
18.59
20.03
18.59
18.59
18.59
18.59
17.70
17.70
18.59
8.00
12.00
11.37
10.73
11.37
10.73
10.73
10.73
10.73
10.73
11.37
9.00
10.00
12.07
19.16
10.58
15.26
15.26
14.57
15.33
19.16
19.16
18.00
9.00
21.99
16.50
14.44
16.50
14.44
16.50
16.06
14.08
14.08
24.00
19.00
15.94
18.24
21.73
12.81
22.37
15.09
22.37
18.24
18.24
25.00
15.00
16.93
22.00
22.00
13.83
23.61
13.83
22.00
22.00
22.00
15.00
18.65
19.00
10.66
12.88
14.91
12.88
18.31
14.91
14.91
14.91
19.00
15.95
15.95
15.95
15.95
15.95
15.95
15.95
15.95
15.95
15.95
7.00
19.91
16.59
14.24
17.33
19.91
13.27
18.50
13.27
9.78
19.91
19.00
11.00
14.38
10.87
14.38
18.00
17.18
17.31
14.38
17.18
14.38
10.00
21.00
20.32
9.64
9.64
9.40
9.64
16.50
9.40
9.40
9.40
26.00
14.77
14.77
14.77
16.97
14.43
14.77
19.65
14.77
14.43
19.65
13.00
13.58
10.56
10.56
17.31
20.59
12.69
18.80
21.47
10.77
10.56
15.00
14.00
13.06
20.19
9.25
18.52
19.37
18.52
18.69
18.52
18.52
24.00
19.00
16.42
7.22
17.39
21.00
21.00
21.00
21.00
16.42
21.00
11.00
12.89
18.69
14.37
14.47
11.98
19.77
12.85
14.86
14.86
13.21
15.00
13.88
13.30
19.90
17.81
19.90
13.88
22.91
15.53
17.22
19.90
10.00
16.00
16.86
14.63
15.58
15.58
14.17
13.90
15.58
18.12
18.82
25.00
16.00
12.75
16.05
16.12
17.77
12.75
18.23
17.73
13.50
17.77
21.00
19.00
15.24
12.62
15.24
15.24
12.78
15.24
12.78
15.24
8.20
21.00
10.00
22.01
22.01
22.01
22.01
14.99
14.99
14.99
22.01
14.99
21.00
19.00
17.35
20.41
12.71
22.17
13.65
13.65
13.65
13.65
12.71
26.00
18.59
11.20
16.59
21.90
21.90
12.14
16.59
11.20
12.14
21.90
5.00
16.04
16.36
12.45
16.04
15.43
10.55
10.62
8.95
14.15
12.45
17.00
16.69
14.62
16.69
16.69
16.69
16.69
16.69
14.62
19.57
16.69
11.00
15.00
23.34
23.34
23.34
23.34
23.34
23.34
23.34
23.34
23.33
12.00
21.24
20.62
21.24
7.28
20.62
21.24
20.62
20.62
21.24
22.46
16.00
23.00
18.22
15.40
11.33
16.23
16.23
16.23
15.24
16.23
11.73
16.00
12.00
13.08
15.38
15.39
14.11
22.18
15.38
13.08
9.93
15.38
6.00
19.00
13.09
13.09
13.09
15.29
18.25
8.47
8.47
18.25
8.47
14.00
24.00
10.73
10.73
10.73
10.73
15.82
15.82
10.73
10.73
10.73
15.00
20.00
17.43
11.87
17.58
17.97
15.95
15.13
18.46
18.46
18.46
10.00
15.00
20.00
17.63
10.07
22.06
21.36
17.63
10.47
21.36
11.09
16.00
22.00
18.93
16.19
15.85
19.29
21.47
18.93
15.85
14.55
18.93
7.00
18.13
18.13
15.37
21.52
15.87
10.40
11.78
16.07
21.52
15.87
8.00
17.69
17.69
21.57
15.02
17.69
7.04
15.00
15.02
17.69
15.02
20.00
12.00
17.50
12.72
12.72
17.50
23.48
17.50
12.72
17.50
17.50
13.00
8.00
14.23
15.85
13.00
11.07
17.66
15.30
15.30
21.95
21.95
13.00
19.00
7.71
14.01
7.71
14.01
14.01
14.01
14.01
14.01
14.01
20.00
15.41
12.86
18.10
13.90
12.24
18.10
13.90
21.19
10.40
13.90
22.00
19.00
13.58
9.40
9.30
9.40
20.10
19.13
12.62
16.42
12.15
19.00
11.00
19.52
19.52
10.90
12.58
19.52
14.47
19.52
10.90
19.52
14.00
13.00
19.50
15.74
15.00
15.00
13.56
15.00
21.29
15.00
15.00
25.00
15.47
16.93
16.79
16.79
16.79
15.47
15.47
13.66
16.79
16.35
23.00
17.00
11.33
11.33
12.30
12.30
16.86
12.30
11.33
11.33
11.33
12.00
23.00
15.27
13.90
12.86
12.26
21.01
4.39
21.01
21.01
13.90
23.00
16.00
16.28
16.28
21.32
10.84
16.28
16.28
16.28
13.52
13.94
10.00
18.91
21.50
21.66
22.99
20.14
19.21
15.60
17.99
11.65
20.68
7.00
14.39
14.39
11.04
16.25
13.98
21.07
14.06
18.82
14.06
16.79
25.00
13.00
18.50
16.03
18.50
18.50
18.50
16.03
18.50
18.50
18.50
21.00
12.69
14.64
24.73
24.73
12.69
13.18
24.73
14.15
22.69
14.64
8.00
13.56
11.52
18.04
10.60
10.60
10.60
18.04
10.60
10.60
19.18
5.00
8.00
7.58
18.62
7.58
13.91
16.19
17.55
16.19
16.19
16.19
5.00
13.00
12.89
19.60
19.60
18.71
20.06
24.65
12.89
12.89
20.06
9.00
21.00
11.25
12.31
11.25
11.25
23.50
11.25
11.25
12.82
21.22
20.00
16.00
9.66
24.49
9.66
9.66
24.49
9.66
9.66
15.49
15.49
18.00
15.68
16.44
18.56
13.15
14.93
18.19
19.84
17.29
15.66
13.15
13.00
9.00
16.26
14.59
16.26
16.01
16.01
14.48
15.96
18.18
18.50
15.00
14.00
19.00
18.13
18.13
11.83
18.13
11.15
11.83
11.43
18.13
10.00
14.57
18.78
18.71
17.12
20.29
20.29
20.29
20.29
20.29
20.29
12.00
13.00
9.85
18.53
18.33
14.36
12.34
18.53
22.04
22.04
22.04
24.00
24.14
18.00
10.79
24.19
22.13
24.14
14.73
22.13
24.14
12.01
17.00
17.40
17.82
13.20
17.06
13.20
21.82
21.82
17.82
21.82
17.40
18.00
18.54
18.54
19.75
16.60
19.75
18.54
19.75
18.54
16.60
17.50
20.00
22.81
22.81
22.81
22.81
22.81
9.89
22.81
5.58
22.81
22.81
25.00
23.00
7.92
17.10
14.12
18.55
14.12
14.87
14.12
14.12
18.76
5.00
8.70
8.50
8.70
8.70
8.70
8.70
8.50
8.70
8.70
8.70
20.00
16.27
16.32
17.96
16.32
16.96
13.14
16.96
13.01
16.09
13.01
12.00
20.00
13.44
20.40
19.10
13.44
12.64
20.81
17.49
21.34
13.44
10.00
24.00
16.80
13.86
14.57
10.13
23.74
13.86
5.54
13.86
14.57
18.00
25.00
10.29
14.82
11.77
11.77
15.53
5.81
15.49
23.28
13.60
14.00
6.00
6.29
6.29
6.29
7.63
20.44
6.29
6.29
26.65
26.65
19.00
20.00
15.98
15.98
20.90
20.90
15.98
15.98
15.98
15.98
15.98
17.00
17.00
22.56
19.20
12.66
19.93
19.93
12.66
9.64
19.93
12.66
13.00
25.87
14.34
19.17
21.04
18.03
12.77
18.03
13.47
12.77
12.77
6.00
12.00
20.46
19.00
20.46
12.98
13.99
20.46
15.54
20.46
15.54
22.00
12.00
23.53
16.02
14.16
16.02
17.88
16.02
14.16
17.88
14.16
17.00
15.51
15.51
12.23
20.01
16.72
20.01
12.23
20.01
20.01
15.51
12.00
15.01
13.38
16.96
17.30
14.98
14.98
18.97
8.95
8.95
18.97
10.00
9.93
16.00
20.75
22.09
19.85
13.28
16.00
19.85
8.38
19.85
16.00
13.00
9.78
19.03
9.78
18.70
17.09
12.10
13.57
18.70
12.10
18.00
12.00
16.93
16.67
8.40
16.67
16.67
16.67
16.67
21.95
15.12
19.00
20.00
17.75
6.05
17.75
17.75
17.75
6.05
17.75
17.75
6.05
5.00
9.00
16.56
13.20
15.41
16.56
16.56
16.56
16.56
13.20
13.20
20.00
9.00
19.52
19.52
19.52
19.52
19.52
19.52
19.52
19.52
19.52
11.00
15.00
18.27
18.27
18.27
18.27
18.27
18.27
14.60
14.60
14.60
13.00
25.00
22.74
22.40
10.23
10.23
22.40
25.50
22.74
22.40
10.96
