30.87
6.29
3.15
2.11
1.58
1.26
1.05
0.90
0.79
0.70
0.63
31.75
6.45
3.23
2.15
1.61
1.29
1.08
0.92
0.81
0.72
0.65
30.93
6.33
3.18
2.11
1.59
1.27
1.06
0.91
0.79
0.71
0.64
30.54
6.20
3.11
2.07
1.55
1.24
1.03
0.89
0.78
0.69
0.62
29.81
6.09
3.05
2.03
1.52
1.22
1.02
0.87
0.76
0.68
0.61
30.82
6.31
3.16
2.11
1.58
1.26
1.05
0.90
0.79
0.70
0.63
31.12
6.39
3.20
2.13
1.60
1.28
1.07
0.91
0.80
0.71
0.64
30.92
6.28
3.15
2.09
1.57
1.26
1.05
0.90
0.79
0.70
0.63
31.22
6.32
3.17
2.11
1.59
1.27
1.06
0.91
0.79
0.71
0.63
31.18
6.31
3.17
2.11
1.59
1.27
1.06
0.91
0.79
0.70
0.63
30.69
6.32
3.15
2.10
1.58
1.26
1.05
0.90
0.79
0.70
0.63
31.05
6.32
3.17
2.12
1.59
1.27
1.06
0.91
0.79
0.70
0.63
30.98
6.30
3.17
2.11
1.58
1.26
1.05
0.90
0.79
0.70
0.63
31.62
6.40
3.23
2.15
1.61
1.29
1.08
0.92
0.81
0.72
0.65
30.74
6.29
3.14
2.10
1.57
1.26
1.05
0.90
0.78
0.70
0.63
30.67
6.24
3.12
2.08
1.57
1.25
1.04
0.89
0.78
0.70
0.63
32.11
6.53
3.27
2.18
1.65
1.31
1.10
0.94
0.82
0.73
0.66
31.36
6.36
3.19
2.13
1.60
1.28
1.07
0.91
0.80
0.71
0.64
30.87
6.35
3.19
2.12
1.59
1.27
1.06
0.91
0.79
0.71
0.64
30.76
6.33
3.16
2.11
1.58
1.27
1.06
0.90
0.79
0.70
0.63
31.56
6.49
3.23
2.15
1.62
1.29
1.08
0.92
0.81
0.72
0.65
30.72
6.33
3.15
2.10
1.58
1.26
1.05
0.90
0.79
0.70
0.63
31.36
6.42
3.22
2.14
1.61
1.29
1.07
0.92
0.80
0.71
0.64
30.89
6.25
3.13
2.09
1.57
1.25
1.04
0.89
0.78
0.70
0.63
30.49
6.27
3.12
2.09
1.56
1.25
1.04
0.89
0.78
0.69
0.63
31.47
6.44
3.23
2.14
1.62
1.29
1.08
0.92
0.81
0.72
0.65
31.15
6.38
3.20
2.14
1.60
1.28
1.07
0.92
0.80
0.71
0.64
31.38
6.43
3.21
2.15
1.61
1.29
1.07
0.92
0.80
0.71
0.64
31.16
6.38
3.19
2.13
1.60
1.28
1.07
0.91
0.80
0.71
0.64
31.06
6.37
3.20
2.13
1.60
1.28
1.07
0.91
0.80
0.71
0.64
31.65
6.46
3.23
2.16
1.61
1.30
1.08
0.93
0.81
0.72
0.65
30.83
6.31
3.17
2.11
1.58
1.27
1.06
0.90
0.79
0.70
0.63
30.55
6.26
3.14
2.09
1.57
1.26
1.05
0.90
0.79
0.70
0.63
31.24
6.36
3.19
2.13
1.59
1.28
1.06
0.91
0.80
0.71
0.64
31.13
6.37
3.21
2.14
1.60
1.28
1.07
0.92
0.80
0.71
0.64
30.87
6.27
3.15
2.10
1.58
1.26
1.05
0.90
0.79
0.70
0.63
30.36
6.20
3.11
2.07
1.56
1.24
1.04
0.89
0.78
0.69
0.62
30.78
6.31
3.15
2.11
1.58
1.26
1.05
0.90
0.79
0.70
0.63
30.78
6.34
3.16
2.12
1.59
1.27
1.06
0.91
0.79
0.70
0.64
30.73
6.25
3.16
2.10
1.58
1.26
1.05
0.90
0.79
0.70
0.63
30.69
6.33
3.19
2.12
1.59
1.27
1.06
0.90
0.79
0.71
0.63
30.54
6.27
3.13
2.08
1.56
1.25
1.04
0.90
0.78
0.70
0.63
30.65
6.26
3.13
2.09
1.56
1.25
1.04
0.89
0.78
0.69
0.62
30.94
6.30
3.16
2.10
1.58
1.26
1.05
0.90
0.79
0.70
0.63
32.08
6.54
3.27
2.18
1.63
1.31
1.09
0.93
0.82
0.73
0.65
30.43
6.18
3.10
2.07
1.55
1.24
1.03
0.89
0.77
0.69
0.62
30.30
6.17
3.08
2.06
1.54
1.23
1.03
0.88
0.77
0.69
0.62
31.44
6.42
3.24
2.16
1.62
1.29
1.08
0.93
0.81
0.72
0.65
31.11
6.34
3.17
2.13
1.59
1.27
1.06
0.91
0.79
0.71
0.63
31.53
6.46
3.22
2.16
1.62
1.30
1.08
0.93
0.81
0.72
0.65
31.31
6.33
3.17
2.12
1.58
1.27
1.06
0.91
0.79
0.71
0.63
30.12
6.15
3.07
2.05
1.54
1.23
1.02
0.88
0.77
0.68
0.61
30.58
6.20
3.12
2.07
1.56
1.25
1.04
0.89
0.78
0.69
0.62
30.66
6.23
3.14
2.09
1.56
1.25
1.04
0.90
0.78
0.70
0.63
31.68
6.47
3.27
2.17
1.63
1.31
1.09
0.93
0.82
0.72
0.65
31.49
6.50
3.25
2.17
1.63
1.30
1.09
0.93
0.81
0.72
0.65
31.00
6.32
3.17
2.10
1.58
1.27
1.05
0.90
0.79
0.70
0.63
30.18
6.17
3.08
2.06
1.54
1.23
1.03
0.88
0.77
0.69
0.62
31.24
6.41
3.19
2.13
1.60
1.28
1.07
0.91
0.80
0.71
0.64
31.19
6.36
3.19
2.13
1.59
1.27
1.06
0.91
0.80
0.71
0.64
31.00
6.30
3.15
2.11
1.58
1.26
1.05
0.90
0.79
0.70
0.63
31.06
6.32
3.16
2.11
1.58
1.26
1.06
0.90
0.79
0.70
0.63
31.68
6.48
3.25
2.17
1.62
1.30
1.08
0.93
0.81
0.72
0.65
31.16
6.34
3.18
2.12
1.59
1.27
1.06
0.91
0.79
0.70
0.63
31.33
6.41
3.20
2.14
1.60
1.28
1.07
0.92
0.80
0.71
0.64
31.53
6.43
3.23
2.17
1.62
1.29
1.08
0.92
0.81
0.72
0.65
31.03
6.35
3.18
2.12
1.60
1.28
1.06
0.91
0.80
0.71
0.64
30.59
6.22
3.12
2.08
1.56
1.25
1.04
0.89
0.78
0.69
0.62
31.11
6.29
3.17
2.11
1.58
1.27
1.06
0.91
0.79
0.70
0.63
31.10
6.33
3.20
2.13
1.60
1.28
1.06
0.91
0.80
0.71
0.64
30.73
6.28
3.14
2.10
1.57
1.26
1.05
0.90
0.79
0.70
0.63
30.50
6.21
3.12
2.08
1.56
1.25
1.04
0.89
0.78
0.69
0.62
30.82
6.27
3.14
2.09
1.57
1.26
1.05
0.90
0.79
0.70
0.63
31.96
6.50
3.28
2.18
1.64
1.31
1.09
0.94
0.82
0.73
0.66
31.95
6.61
3.31
2.21
1.65
1.33
1.10
0.95
0.83
0.74
0.66
30.70
6.29
3.14
2.10
1.57
1.26
1.05
0.90
0.79
0.70
0.63
31.01
6.33
3.17
2.11
1.59
1.27
1.06
0.91
0.79
0.70
0.63
31.30
6.42
3.20
2.13
1.60
1.28
1.07
0.92
0.80
0.71
0.64
30.73
6.27
3.14
2.09
1.57
1.25
1.05
0.90
0.78
0.70
0.63
30.91
6.30
3.17
2.11
1.58
1.27
1.06
0.91
0.79
0.70
0.63
31.21
6.41
3.19
2.14
1.60
1.28
1.07
0.91
0.80
0.71
0.64
31.73
6.49
3.22
2.17
1.63
1.30
1.08
0.93
0.81
0.72
0.65
31.43
6.38
3.20
2.14
1.60
1.28
1.07
0.92
0.80
0.71
0.64
31.21
6.31
3.19
2.12
1.59
1.28
1.06
0.91
0.80
0.71
0.64
31.87
6.51
3.27
2.18
1.63
1.31
1.09
0.93
0.82
0.73
0.65
31.39
6.40
3.22
2.14
1.60
1.28
1.07
0.92
0.80
0.71
0.64
29.37
6.01
3.02
2.01
1.51
1.21
1.01
0.86
0.75
0.67
0.60
31.77
6.49
3.26
2.18
1.64
1.31
1.09
0.94
0.82
0.73
0.66
30.74
6.30
3.15
2.11
1.58
1.27
1.06
0.90
0.79
0.70
0.63
30.90
6.28
3.13
2.10
1.57
1.26
1.05
0.90
0.79
0.70
0.63
31.08
6.39
3.20
2.13
1.60
1.28
1.06
0.91
0.80
0.71
0.64
31.58
6.53
3.26
2.17
1.64
1.31
1.09
0.93
0.82
0.73
0.65
31.03
6.32
3.15
2.10
1.58
1.26
1.05
0.90
0.79
0.70
0.63
32.03
6.45
3.26
2.18
1.64
1.30
1.09
0.93
0.82
0.73
0.65
31.26
6.47
3.24
2.18
1.63
1.30
1.09
0.93
0.82
0.72
0.65
31.33
6.38
3.20
2.13
1.60
1.28
1.07
0.91
0.80
0.71
0.64
31.07
6.38
3.19
2.12
1.59
1.27
1.06
0.91
0.80
0.71
0.64
31.36
6.43
3.23
2.15
1.61
1.29
1.08
0.92
0.81
0.72
0.65
30.95
6.32
3.17
2.10
1.58
1.27
1.05
0.90
0.79
0.70
0.63
31.80
6.47
3.24
2.16
1.62
1.30
1.08
0.93
0.81
0.72
0.65
31.47
6.43
3.22
2.15
1.60
1.29
1.07
0.92
0.81
0.71
0.64
31.18
6.34
3.18
2.13
1.59
1.28
1.06
0.91
0.80
0.71
0.64
31.59
6.47
3.26
2.18
1.63
1.30
1.09
0.93
0.82
0.73
0.65
31.15
6.38
3.20
2.13
1.59
1.27
1.06
0.91
0.80
0.71
0.64
31.49
6.41
3.21
2.14
1.61
1.28
1.07
0.92
0.80
0.71
0.64
31.40
6.39
3.21
2.14
1.61
1.28
1.07
0.92
0.80
0.71
0.64
30.32
6.17
3.10
2.07
1.55
1.24
1.03
0.89
0.78
0.69
0.62
30.97
6.33
3.17
2.10
1.58
1.26
1.05
0.90
0.79
0.70
0.63
30.85
6.32
3.18
2.11
1.59
1.27
1.06
0.91
0.79
0.71
0.63
31.24
6.40
3.21
2.14
1.60
1.28
1.07
0.92
0.80
0.71
0.64
30.96
6.29
3.16
2.10
1.58
1.26
1.05
0.90
0.79
0.70
0.63
31.21
6.35
3.18
2.12
1.59
1.27
1.06
0.91
0.79
0.71
0.64
30.30
6.27
3.15
2.10
1.57
1.26
1.05
0.90
0.79
0.70
0.63
31.72
6.48
3.24
2.16
1.62
1.30
1.08
0.93
0.81
0.72
0.65
31.07
6.39
3.20
2.14
1.60
1.28
1.07
0.92
0.80
0.71
0.64
31.32
6.39
3.20
2.13
1.60
1.29
1.07
0.92
0.80
0.71
0.64
30.81
6.29
3.17
2.11
1.58
1.27
1.06
0.90
0.79
0.70
0.63
31.51
6.52
3.24
2.16
1.62
1.30
1.08
0.92
0.81
0.72
0.65
31.57
6.42
3.23
2.16
1.62
1.29
1.08
0.92
0.81
0.72
0.65
31.20
6.41
3.21
2.14
1.60
1.28
1.07
0.92
0.80
0.71
0.64
31.37
6.35
3.20
2.12
1.59
1.28
1.06
0.91
0.80
0.71
0.64
31.28
6.48
3.23
2.16
1.62
1.30
1.08
0.93
0.81
0.72
0.65
31.88
6.49
3.28
2.18
1.63
1.31
1.09
0.93
0.82
0.73
0.65
30.76
6.26
3.14
2.09
1.57
1.25
1.05
0.90
0.78
0.70
0.63
31.06
6.38
3.20
2.13
1.60
1.28
1.07
0.91
0.80
0.71
0.64
31.81
6.58
3.28
2.17
1.63
1.30
1.09
0.93
0.81
0.72
0.65
31.59
6.45
3.22
2.14
1.61
1.29
1.07
0.92
0.81
0.72
0.64
31.46
6.39
3.20
2.14
1.60
1.28
1.07
0.92
0.80
0.71
0.64
