24.72
5.33
3.83
3.94
3.78
3.82
4.06
3.96
3.81
3.86
3.81
15.69
3.19
3.00
3.39
3.73
2.97
3.22
3.01
3.28
3.35
3.33
20.69
6.15
4.18
3.93
4.17
4.17
4.04
4.18
4.17
4.17
4.17
23.16
4.36
4.13
4.22
4.15
4.22
4.13
4.23
4.32
4.03
4.07
29.11
5.14
4.53
4.66
4.53
4.39
4.46
4.52
4.33
4.49
4.44
27.41
7.69
4.32
4.25
4.25
4.24
4.30
4.30
4.28
4.30
4.32
15.70
4.96
3.17
2.89
2.83
3.30
3.35
3.31
3.30
3.14
3.41
27.92
5.26
4.03
4.03
3.85
3.97
4.01
3.98
3.99
4.00
4.00
28.09
4.58
4.46
4.59
4.56
4.52
4.57
4.68
4.33
4.57
4.56
29.44
6.03
3.67
3.95
3.95
3.81
3.68
3.81
3.91
4.01
3.51
26.77
4.80
4.34
4.12
3.91
3.90
4.33
4.39
4.19
4.20
3.94
26.87
6.36
4.51
4.52
4.66
4.56
4.63
4.66
4.63
4.65
4.65
21.28
6.61
3.47
3.83
3.62
3.57
3.84
3.49
3.77
3.77
3.56
21.22
3.51
4.38
3.27
3.06
3.14
2.86
3.20
2.80
3.09
2.81
27.37
3.89
4.08
3.88
4.14
4.16
4.11
4.15
4.15
4.14
4.07
20.11
5.30
3.96
4.28
3.81
3.94
3.67
3.76
3.96
3.78
3.77
18.34
5.14
3.07
3.57
4.16
3.29
3.36
4.15
3.39
4.20
3.71
26.94
5.97
4.25
4.31
4.33
4.28
4.18
4.33
4.19
4.22
4.15
29.47
4.75
3.89
3.81
4.48
4.37
4.02
3.82
3.85
4.00
3.91
21.38
5.37
4.28
4.24
4.26
4.36
4.47
4.46
4.40
4.46
4.48
27.03
3.45
3.74
3.99
3.78
3.56
3.68
3.97
3.74
3.82
3.67
29.00
5.12
3.98
3.94
3.98
4.01
4.04
4.03
3.94
4.06
3.95
26.78
4.39
4.31
4.62
4.60
4.62
4.69
4.68
4.68
4.68
4.64
27.85
7.01
4.85
4.85
4.98
4.69
4.82
4.86
4.91
4.71
4.90
26.72
7.08
4.57
4.33
4.56
4.31
4.53
4.48
4.53
4.48
4.48
20.45
6.01
4.35
3.83
4.25
3.79
4.39
4.26
4.04
4.18
4.39
30.42
5.27
4.82
4.10
4.71
3.78
3.92
4.16
4.07
3.78
4.59
26.28
3.66
3.61
4.09
3.86
3.91
3.72
3.86
4.30
4.11
3.48
24.02
4.09
3.03
3.22
2.99
3.27
3.89
3.12
2.97
2.94
3.36
15.67
3.52
3.11
2.65
2.78
3.26
2.99
3.40
3.33
3.35
2.99
28.83
4.10
3.91
4.40
4.53
4.45
4.15
4.40
4.38
4.43
4.43
28.61
6.03
4.84
4.87
4.98
4.88
4.89
4.69
4.77
4.76
4.81
27.92
4.39
3.72
3.76
3.50
3.97
3.52
3.49
3.71
4.00
3.28
18.73
3.63
3.55
3.37
3.36
3.05
3.34
3.34
3.62
3.71
3.69
25.83
6.66
4.07
4.09
4.04
4.03
4.09
4.11
4.10
4.14
4.11
22.10
5.49
3.90
3.68
3.55
3.57
3.56
3.37
3.49
3.81
3.33
23.78
5.76
3.36
2.96
3.12
3.58
3.38
3.37
3.40
3.24
2.94
27.81
6.00
4.35
4.36
4.33
4.34
4.37
4.39
4.37
4.36
4.36
20.28
4.62
4.74
3.50
4.78
4.71
4.82
4.46
4.64
4.69
4.72
23.27
6.39
4.01
3.90
3.97
3.91
3.91
3.91
3.94
3.93
3.94
30.24
6.82
4.34
4.31
4.36
4.38
4.38
4.39
4.36
4.26
4.36
15.68
2.44
2.70
2.61
3.48
2.69
2.98
2.91
2.85
3.23
2.35
27.57
4.31
4.09
4.05
4.02
4.04
4.05
4.05
4.04
4.04
4.01
24.16
5.37
4.23
4.45
4.06
4.35
4.33
4.28
4.25
4.34
4.34
19.63
6.44
3.79
3.94
4.01
3.91
3.94
3.86
3.95
3.93
3.93
30.49
5.62
4.38
3.81
3.81
3.79
3.81
3.79
3.87
3.81
3.78
21.27
3.51
3.90
3.86
4.13
4.14
3.77
3.42
3.37
3.33
3.41
5.71
2.72
2.83
2.79
3.37
2.53
2.37
2.52
2.83
2.58
2.70
30.84
6.04
4.58
4.42
4.61
4.60
4.49
4.49
4.52
4.59
4.57
17.37
2.96
3.59
2.97
2.93
3.00
3.28
3.28
2.82
3.26
3.26
24.90
5.78
3.51
3.31
3.55
4.11
3.83
3.65
3.94
3.71
3.90
22.03
4.72
3.63
3.87
3.70
3.95
3.73
3.86
3.55
3.79
3.89
21.63
3.70
4.01
3.43
3.64
4.11
3.84
3.69
4.08
3.26
3.97
14.86
2.45
2.38
2.29
2.35
2.24
2.25
2.24
2.24
2.43
2.45
8.84
3.05
2.28
2.09
2.05
1.74
2.24
2.35
1.78
1.73
1.98
30.29
5.33
4.51
4.52
4.57
4.55
4.59
4.59
4.58
4.56
4.56
19.54
5.26
4.37
3.96
3.48
4.41
4.18
4.43
4.01
4.31
3.69
27.46
5.67
4.50
4.44
4.55
4.46
4.46
4.45
4.46
4.46
4.49
16.63
2.27
2.64
2.42
2.39
2.21
2.39
2.40
2.45
2.27
2.60
18.63
5.90
3.45
3.55
3.70
3.72
3.75
3.74
3.78
3.65
3.80
22.66
5.11
4.21
4.03
4.34
3.85
4.00
4.21
4.21
4.54
4.20
24.81
6.72
4.22
4.23
4.22
4.23
4.24
4.21
4.23
4.23
4.24
28.09
5.46
4.94
4.86
4.92
4.80
4.90
4.90
4.59
4.87
4.85
23.51
4.85
4.57
4.66
4.78
4.66
4.77
4.65
4.76
4.45
4.55
27.41
4.75
3.64
4.34
4.29
3.66
3.85
3.79
3.29
4.07
3.95
15.45
6.51
3.99
3.06
3.47
3.16
3.29
3.20
3.39
3.76
3.74
17.26
4.00
3.27
2.80
3.35
2.98
3.36
2.90
3.01
3.15
3.00
30.20
6.73
4.28
4.33
4.21
4.24
4.08
4.18
4.17
4.35
4.35
29.10
4.62
4.23
4.06
4.11
4.06
4.07
4.05
4.08
4.10
4.07
31.52
5.47
3.89
3.86
3.99
3.63
3.76
4.13
4.09
3.86
4.02
21.82
5.17
4.53
4.44
3.93
4.45
4.61
4.54
4.68
4.44
4.43
28.37
7.55
4.33
4.26
4.19
4.19
4.20
4.20
4.18
4.15
4.08
27.54
4.62
4.08
4.04
4.02
4.25
4.02
4.01
4.01
4.01
4.02
24.75
3.37
3.11
3.69
3.06
3.02
2.89
3.36
2.90
3.50
3.19
16.03
3.59
2.68
2.91
2.68
2.68
2.97
2.58
2.92
3.12
2.67
20.50
4.35
3.69
3.32
3.24
3.13
3.41
3.34
3.24
3.19
3.41
28.87
4.82
4.69
4.81
4.87
4.71
4.93
4.62
4.66
4.80
4.59
26.73
5.37
4.59
4.37
4.46
4.15
4.44
4.41
3.99
4.45
4.46
27.02
5.18
3.90
4.01
3.87
3.88
3.90
3.91
3.87
3.88
3.91
27.36
5.02
4.26
4.19
4.18
4.27
4.24
4.22
4.24
4.25
4.24
24.36
4.20
3.93
3.63
3.97
3.52
3.22
4.15
3.76
3.28
3.10
16.59
4.22
2.77
3.18
3.26
2.68
3.07
3.01
2.83
2.52
2.65
28.29
6.10
4.01
3.95
4.09
4.10
4.02
4.02
4.14
3.98
4.07
23.17
6.73
4.10
4.19
4.15
4.25
4.18
4.22
4.21
4.26
4.25
29.44
7.13
4.51
4.35
4.18
4.13
4.42
4.21
4.27
4.30
4.12
28.66
5.99
4.06
4.15
4.47
4.37
4.15
4.37
4.54
4.10
4.48
29.67
4.71
4.54
4.56
4.55
4.54
4.57
4.55
4.57
4.57
4.58
29.02
5.15
4.46
4.52
4.70
5.06
5.02
4.85
4.89
4.76
4.36
28.01
6.05
4.71
4.53
4.32
4.28
4.45
4.39
4.29
4.17
4.47
27.91
5.26
5.08
4.26
4.20
4.22
4.29
4.06
4.22
4.20
4.19
23.52
4.09
4.30
4.34
4.16
4.12
4.08
4.02
4.24
4.17
4.09
29.48
4.69
4.57
4.47
4.76
4.40
4.59
4.36
4.58
4.62
4.56
23.15
5.11
4.40
4.15
4.19
4.12
4.33
4.35
4.34
4.33
4.06
28.76
7.81
4.03
4.16
4.20
4.14
4.21
4.14
4.19
4.04
4.14
25.32
4.36
4.57
3.99
3.94
3.95
4.07
4.11
4.06
3.91
4.01
24.45
5.48
4.81
4.36
4.16
4.07
4.33
4.07
4.11
4.09
4.09
23.22
5.21
3.76
3.93
3.74
3.86
3.93
3.96
3.98
3.81
3.99
22.34
4.78
4.24
4.30
4.27
4.27
4.27
4.13
4.26
4.22
4.27
27.29
4.90
4.14
4.41
4.09
4.13
4.30
4.31
4.11
4.21
4.12
23.73
4.32
4.60
4.57
4.27
4.21
4.09
4.42
4.30
4.38
4.41
28.56
5.71
3.78
3.68
3.75
3.68
3.71
3.70
3.72
3.76
3.77
27.88
5.77
4.28
4.44
4.47
4.47
4.47
4.47
4.47
4.50
4.47
20.96
4.03
3.91
3.76
3.93
3.57
3.62
3.83
3.67
3.66
3.69
15.81
3.66
3.31
3.37
3.56
3.50
3.41
3.16
3.34
3.71
3.14
24.39
4.60
3.92
3.69
3.91
3.70
4.10
4.01
3.98
4.07
4.16
32.41
6.45
5.11
4.37
4.40
4.43
4.42
4.44
4.37
4.45
4.41
28.68
8.34
4.35
4.62
4.46
4.72
4.38
4.69
4.66
4.48
4.71
27.73
5.76
4.32
4.23
4.39
4.52
4.31
4.36
4.40
4.36
4.45
28.87
7.08
5.16
4.09
4.10
4.12
4.08
4.08
4.05
4.09
4.07
26.46
6.64
4.36
4.41
4.40
4.41
4.40
4.45
4.52
4.42
4.46
23.91
5.87
4.14
4.26
3.87
4.06
4.10
3.96
3.95
4.21
4.14
26.29
5.45
4.35
4.29
4.30
4.29
4.32
4.32
4.31
4.33
4.31
29.62
5.21
3.93
4.05
3.82
3.87
3.75
3.92
3.66
3.67
3.88
31.17
5.01
4.57
4.34
4.02
4.32
4.35
4.34
4.37
4.37
4.61
23.66
3.34
3.53
3.78
3.45
3.63
3.60
3.57
3.17
3.24
3.27
25.93
5.97
3.97
4.11
3.96
3.96
3.98
3.98
3.98
4.01
3.98
26.35
8.26
3.88
4.12
4.06
4.24
4.30
4.14
4.24
4.31
4.22
26.58
4.69
4.62
4.57
4.62
4.60
4.61
4.55
4.60
4.59
4.57
24.99
5.49
3.99
4.04
3.88
4.04
3.98
4.02
3.96
3.87
4.03
26.82
3.51
3.34
3.99
3.43
3.75
3.71
3.76
3.85
3.63
3.51
27.83
6.44
4.42
4.18
4.35
4.39
4.17
4.18
4.28
4.13
4.24
30.68
6.23
5.75
4.11
4.21
4.39
3.85
4.09
4.16
4.26
4.09
26.52
3.22
3.74
3.60
4.09
3.59
3.65
3.72
3.79
3.61
3.73
18.80
3.37
3.30
3.36
3.15
3.16
3.10
3.12
3.15
3.32
3.52
26.45
5.65
4.20
4.23
4.24
4.22
4.24
4.13
4.14
4.24
4.14
31.53
5.20
4.77
4.60
4.48
4.51
4.64
4.63
4.56
4.59
4.74
29.82
6.82
4.51
4.64
4.60
4.56
4.55
4.59
4.58
4.55
4.59
30.58
4.99
5.22
5.02
5.19
5.15
5.21
4.97
5.28
5.20
5.13
