18.00
17.00
11.29
12.49
12.49
12.49
11.29
12.49
12.49
12.49
11.29
8.00
11.00
20.94
20.54
14.73
11.62
11.55
11.62
14.15
14.15
17.50
5.00
15.00
15.05
15.05
15.05
15.05
15.05
15.05
15.05
15.05
15.05
10.00
11.56
14.35
22.99
11.56
14.35
11.56
14.35
11.56
14.35
22.99
14.00
5.00
18.93
6.00
18.93
18.93
19.34
18.93
18.93
18.93
18.93
19.00
14.00
7.61
7.61
19.25
7.61
7.61
7.61
19.25
7.61
7.61
11.00
19.00
12.08
12.08
14.55
20.21
10.44
10.44
10.44
20.21
10.44
11.00
20.00
18.04
11.41
11.41
11.41
11.41
11.41
11.41
11.41
11.41
16.00
12.09
12.09
7.26
12.09
12.09
12.09
7.26
12.09
12.09
12.09
14.00
14.00
25.97
8.16
8.16
8.16
8.46
8.16
8.46
8.16
8.65
7.00
16.00
23.32
23.32
23.32
24.47
23.32
24.47
24.47
23.32
24.47
13.00
14.00
24.41
24.41
24.41
24.41
24.41
24.41
24.41
24.41
24.41
22.00
11.00
18.04
16.46
12.43
17.44
17.44
16.46
17.44
16.46
19.64
17.00
17.15
18.00
13.91
17.15
13.91
13.91
11.64
17.15
13.91
11.64
19.00
22.71
24.10
9.88
24.10
24.10
24.10
24.10
24.10
24.10
24.10
7.00
14.00
20.20
20.20
12.46
20.20
17.55
13.35
20.20
12.46
12.46
25.00
10.00
10.98
9.03
15.40
13.60
21.85
15.40
13.60
13.60
13.60
5.00
14.00
14.19
14.19
14.19
14.19
14.19
14.19
14.19
14.19
14.19
26.00
20.00
19.83
21.38
21.38
21.38
17.67
19.83
19.83
21.08
17.50
24.00
13.00
19.24
19.24
19.24
19.24
19.24
19.24
19.24
19.24
19.24
20.00
17.14
21.09
23.63
20.55
17.68
17.68
17.68
23.63
23.63
17.68
8.00
25.00
21.35
21.35
21.35
21.35
21.35
21.35
21.35
21.35
21.35
13.00
18.90
18.90
26.87
26.87
24.22
24.22
24.22
24.22
24.22
24.22
26.00
9.00
18.65
18.65
18.65
18.65
18.65
18.65
18.65
18.65
18.65
20.00
11.00
7.83
20.83
25.20
20.83
25.20
7.83
25.20
25.20
25.20
6.00
13.00
16.36
15.56
16.36
15.56
16.36
15.56
16.36
15.56
16.36
6.00
19.00
24.72
24.72
24.72
24.72
24.72
24.72
24.72
24.72
24.72
16.00
14.45
14.45
12.78
12.78
12.78
12.78
12.78
12.78
14.45
12.78
17.00
25.00
20.16
10.76
13.64
20.16
20.16
11.15
14.35
11.35
14.35
8.00
24.00
13.82
18.63
12.75
15.99
17.95
12.57
17.06
24.58
11.77
16.00
18.58
10.87
14.59
13.99
14.59
14.59
14.59
14.59
14.59
14.59
11.00
8.00
19.14
19.14
19.14
19.14
19.14
19.14
19.14
19.14
19.14
10.00
16.00
16.77
20.36
20.25
16.77
20.36
16.77
16.77
16.77
7.41
22.00
11.51
11.51
11.20
11.20
10.76
11.20
14.70
11.20
11.51
11.20
21.00
26.00
12.00
12.00
12.00
12.00
12.00
12.00
12.00
12.00
12.00
10.00
20.00
10.60
13.10
18.83
19.44
9.79
13.29
12.95
19.44
19.44
10.00
13.00
19.36
17.60
19.04
12.43
10.91
10.91
10.91
19.04
10.53
21.00
22.00
20.97
11.52
11.52
11.52
11.52
11.52
11.52
11.52
11.52
25.00
15.78
15.78
10.91
15.78
15.78
15.78
15.78
15.78
15.78
15.78
22.00
18.00
11.37
11.37
11.37
11.37
11.37
11.37
11.37
11.37
11.37
7.00
17.00
19.04
6.06
6.06
6.06
6.06
6.06
6.06
19.04
6.06
10.00
11.85
12.25
21.13
15.84
10.99
17.50
15.84
10.99
15.84
17.24
10.00
23.00
20.00
7.27
7.27
7.27
7.27
7.27
7.27
7.27
7.27
21.00
21.00
22.04
22.04
18.14
18.14
18.14
18.14
18.14
18.14
18.14
26.00
10.00
10.56
16.33
10.56
16.33
16.19
16.33
10.56
16.19
16.19
16.00
22.00
23.00
12.15
12.15
12.50
12.15
18.21
8.21
8.21
12.50
10.00
14.94
14.94
15.90
14.94
14.94
15.90
14.94
14.94
14.94
19.70
26.00
14.52
21.05
14.52
21.42
10.87
14.90
21.31
14.52
19.38
21.42
6.00
21.00
4.12
4.12
4.12
4.12
4.12
4.12
4.12
4.12
4.12
13.00
15.67
15.32
17.37
17.37
15.28
15.28
15.32
15.67
15.32
15.32
13.00
15.00
13.51
12.13
9.52
18.33
18.33
18.33
18.33
9.67
18.33
19.00
23.00
18.68
18.68
18.68
15.63
9.79
18.68
15.10
18.68
18.68
5.00
21.00
18.25
17.62
12.96
14.13
17.51
17.62
14.13
12.94
14.13
17.00
13.44
20.99
20.78
15.06
16.47
14.85
21.36
21.36
21.27
21.36
24.00
12.00
17.23
15.16
19.87
17.34
15.16
16.59
13.54
13.54
20.26
25.00
12.00
10.42
10.42
10.42
10.42
10.42
10.42
10.42
10.42
10.42
23.00
6.00
10.71
19.59
15.73
19.59
19.59
19.59
19.59
19.59
19.59
15.00
16.00
22.38
22.38
22.38
22.38
22.38
22.38
22.38
22.38
22.38
12.00
14.50
15.84
14.16
14.16
15.84
15.84
14.16
15.84
15.84
15.84
13.00
19.00
16.38
22.85
18.20
16.38
14.82
21.69
21.69
14.82
14.82
7.00
21.00
20.02
20.02
18.84
19.74
21.68
21.68
18.84
21.68
21.68
23.00
17.00
9.40
9.40
9.40
9.40
9.40
9.40
9.40
9.40
9.40
17.00
5.00
27.83
27.83
27.83
27.83
27.83
27.83
27.83
27.83
27.83
14.00
20.35
20.35
20.35
20.35
20.35
20.35
20.35
20.35
20.35
20.35
24.00
13.00
16.99
16.99
16.99
16.99
11.57
11.57
11.57
16.99
11.57
26.00
17.00
13.00
18.99
15.87
13.42
14.36
14.18
14.36
10.79
10.79
7.00
13.00
17.32
20.60
21.91
15.04
21.91
13.89
21.91
18.65
15.04
20.00
7.00
11.42
11.42
11.42
11.42
11.42
11.42
11.42
11.42
11.42
6.00
20.00
18.00
5.23
16.79
5.23
16.79
5.23
5.23
16.79
5.23
21.00
24.00
12.04
12.04
20.80
12.04
12.04
20.80
20.80
18.15
20.80
12.00
25.00
10.48
10.48
20.05
10.48
10.48
10.48
10.48
10.48
10.48
25.00
14.00
12.00
20.31
20.31
20.31
20.31
20.31
20.31
20.31
9.14
16.00
12.00
10.40
12.13
12.13
8.00
12.13
12.13
12.13
12.13
12.13
18.00
22.00
13.76
19.64
17.95
13.34
17.95
17.95
17.95
15.65
13.34
25.00
11.00
21.17
14.15
9.86
10.02
9.86
10.02
10.02
10.02
15.81
10.00
13.00
11.27
16.95
20.65
17.28
20.86
16.95
21.96
19.51
20.86
26.00
6.71
6.71
6.71
6.71
6.71
6.71
6.71
6.71
6.71
6.71
22.00
18.00
22.03
19.09
19.09
19.09
19.09
19.09
6.37
19.09
19.09
26.00
17.00
23.34
15.19
20.29
20.29
20.29
23.34
20.29
20.29
23.34
17.00
14.00
19.57
19.57
19.57
19.57
19.57
19.57
19.57
19.57
19.57
16.00
11.64
11.64
14.33
11.64
11.64
14.33
11.64
11.64
14.33
14.33
11.00
16.00
20.98
17.54
10.37
20.19
17.54
14.94
13.85
14.12
20.19
18.00
25.00
23.78
11.46
11.46
11.46
11.46
11.46
16.61
16.61
11.46
20.00
22.00
15.74
21.14
15.74
21.14
21.14
21.14
21.14
12.47
12.47
24.00
5.00
8.00
5.49
9.67
22.80
5.49
9.67
5.49
9.67
9.67
17.00
7.00
21.36
21.36
23.54
23.54
21.36
23.54
23.54
21.36
23.54
13.00
4.39
4.39
4.39
4.39
4.39
4.39
4.39
4.39
4.39
4.39
23.00
8.00
18.00
15.25
15.25
15.25
15.25
15.25
15.25
15.25
15.25
23.00
6.00
8.17
8.17
8.17
8.17
8.17
8.17
17.31
17.31
8.17
13.00
26.00
21.00
13.00
12.50
12.50
13.00
12.50
12.50
5.40
12.50
25.00
20.39
23.07
23.07
23.07
23.07
20.39
23.07
23.07
23.07
20.39
17.00
5.00
12.24
12.24
12.24
10.00
12.24
14.44
12.24
12.24
15.59
12.00
11.00
20.00
20.00
11.84
11.84
11.84
11.84
11.84
11.84
11.84
12.00
18.00
11.05
11.05
11.05
11.05
11.05
11.05
11.05
11.05
11.05
23.00
20.00
13.01
17.97
10.73
24.47
13.01
10.73
10.73
22.86
10.73
8.00
24.00
14.00
27.50
9.98
9.94
12.04
9.94
12.04
12.04
7.96
22.00
17.00
24.54
14.82
12.37
18.65
18.65
14.82
14.82
18.65
18.65
26.00
26.00
19.49
19.49
19.49
19.49
19.49
19.49
19.49
19.49
19.49
14.00
19.00
14.75
6.56
14.75
14.75
6.56
6.56
14.75
6.56
14.75
18.00
17.00
12.00
18.23
18.23
18.23
18.23
18.23
18.23
18.23
18.23
6.00
18.00
8.96
17.01
15.77
18.97
17.01
6.97
17.01
8.96
8.96
25.00
20.00
16.52
16.52
16.52
16.52
16.52
16.52
16.52
16.52
16.52
26.00
25.00
10.51
10.51
25.65
10.51
16.23
14.04
14.04
14.04
14.35
7.00
21.00
22.51
20.19
16.80
20.19
20.19
22.13
22.51
17.61
20.19
15.00
11.00
13.17
18.18
23.04
23.04
23.04
13.17
14.29
23.04
23.04
13.00
12.00
10.00
10.47
10.47
10.47
10.47
10.47
7.96
10.47
10.47
14.00
20.00
15.46
15.46
15.46
15.46
15.46
15.46
15.46
15.46
15.46
7.00
7.00
27.32
8.14
8.14
8.14
8.14
8.14
8.14
8.14
8.14
23.00
15.00
21.00
16.68
16.68
16.68
16.68
16.68
4.93
16.68
16.68
13.00
13.00
27.12
27.12
27.12
27.12
27.12
21.13
21.13
27.12
21.13
19.00
10.00
12.74
12.74
22.38
12.74
12.74
6.55
16.31
12.74
12.74
15.00
12.00
21.48
21.48
21.48
21.48
21.48
21.48
21.48
21.48
21.48
13.00
13.00
19.77
19.77
11.05
18.19
19.77
19.77
19.77
23.20
11.05
5.00
8.00
14.80
19.31
19.31
19.31
19.31
19.31
19.31
19.31
14.80
19.00
20.80
8.01
21.93
21.93
21.93
21.93
21.93
7.33
21.93
21.93
21.00
21.00
16.54
18.85
10.02
16.54
13.18
10.02
10.02
10.02
10.02
7.00
24.00
20.56
20.56
20.56
20.56
20.56
20.56
20.56
20.56
20.56
23.00
5.00
26.69
26.69
26.69
26.69
26.69
26.69
26.69
26.69
26.69
18.00
22.00
15.32
15.32
15.32
15.32
15.32
15.32
15.32
15.32
15.32
15.00
13.68
16.35
10.91
12.17
10.91
10.91
10.91
13.68
16.35
12.17
21.00
26.00
26.96
26.96
26.96
26.96
26.96
26.96
26.96
11.16
26.96
23.00
19.00
17.00
23.66
23.66
23.66
23.66
23.66
23.66
23.66
23.66
14.00
19.26
22.00
18.51
18.51
18.51
18.51
9.46
15.73
19.36
18.51
10.00
21.00
18.82
10.52
18.82
12.96
18.82
12.96
17.04
12.96
21.86
9.00
13.00
15.26
15.26
15.26
15.26
15.26
14.67
14.67
15.26
14.67
16.00
24.00
4.64
4.64
4.64
4.64
4.64
4.64
4.64
4.64
4.64
16.00
23.00
16.83
16.83
16.83
16.83
16.83
16.83
16.83
16.83
16.83
18.00
14.73
14.73
14.73
14.73
14.73
14.73
14.73
14.73
14.73
14.73
