30.16
6.10
3.06
2.04
1.53
1.22
1.02
0.87
0.76
0.68
0.61
30.14
6.16
3.08
2.05
1.54
1.23
1.03
0.88
0.77
0.68
0.62
30.02
6.13
3.08
2.05
1.54
1.23
1.03
0.88
0.77
0.68
0.62
30.19
6.10
3.07
2.04
1.53
1.23
1.02
0.87
0.77
0.68
0.61
30.82
6.27
3.13
2.09
1.57
1.26
1.04
0.90
0.78
0.70
0.63
30.50
6.25
3.13
2.08
1.56
1.25
1.04
0.89
0.78
0.69
0.63
30.69
6.24
3.14
2.09
1.57
1.25
1.05
0.90
0.78
0.70
0.63
30.44
6.21
3.10
2.07
1.55
1.24
1.04
0.89
0.78
0.69
0.62
29.65
6.05
3.03
2.02
1.52
1.21
1.01
0.87
0.76
0.67
0.61
30.72
6.19
3.11
2.08
1.56
1.25
1.04
0.89
0.78
0.69
0.62
30.36
6.18
3.09
2.07
1.55
1.24
1.03
0.88
0.78
0.69
0.62
30.66
6.25
3.14
2.10
1.57
1.26
1.05
0.90
0.79
0.70
0.63
30.53
6.28
3.14
2.09
1.57
1.26
1.05
0.90
0.78
0.70
0.63
30.59
6.21
3.12
2.07
1.56
1.25
1.04
0.89
0.78
0.69
0.63
31.45
6.39
3.19
2.13
1.60
1.28
1.07
0.91
0.80
0.71
0.64
31.87
6.49
3.25
2.16
1.62
1.30
1.08
0.93
0.81
0.72
0.65
31.84
6.47
3.25
2.17
1.62
1.31
1.09
0.93
0.81
0.72
0.65
31.87
6.50
3.26
2.18
1.63
1.30
1.09
0.93
0.82
0.72
0.65
31.34
6.48
3.25
2.17
1.63
1.30
1.08
0.93
0.81
0.72
0.65
32.07
6.60
3.31
2.21
1.66
1.32
1.11
0.95
0.83
0.74
0.66
31.58
6.43
3.24
2.16
1.62
1.30
1.08
0.93
0.81
0.72
0.65
31.68
6.47
3.25
2.17
1.63
1.31
1.09
0.93
0.81
0.72
0.65
31.87
6.55
3.27
2.19
1.64
1.31
1.09
0.94
0.82
0.73
0.66
31.66
6.45
3.23
2.15
1.61
1.29
1.08
0.92
0.81
0.72
0.65
32.09
6.58
3.29
2.19
1.65
1.32
1.10
0.94
0.82
0.73
0.66
31.76
6.49
3.25
2.15
1.62
1.29
1.08
0.92
0.81
0.72
0.65
31.36
6.42
3.21
2.15
1.61
1.29
1.08
0.92
0.81
0.72
0.65
30.92
6.32
3.19
2.12
1.59
1.27
1.06
0.91
0.80
0.71
0.64
32.17
6.51
3.27
2.18
1.64
1.31
1.09
0.94
0.82
0.73
0.65
31.74
6.44
3.24
2.16
1.62
1.30
1.08
0.92
0.81
0.72
0.65
32.06
6.52
3.26
2.18
1.64
1.31
1.09
0.93
0.82
0.73
0.65
31.43
6.44
3.20
2.14
1.61
1.29
1.07
0.92
0.80
0.71
0.64
31.58
6.42
3.21
2.14
1.61
1.28
1.07
0.92
0.80
0.71
0.64
31.85
6.51
3.28
2.17
1.63
1.30
1.09
0.93
0.81
0.72
0.65
31.76
6.51
3.27
2.18
1.64
1.31
1.09
0.93
0.82
0.73
0.65
32.34
6.58
3.30
2.19
1.65
1.32
1.10
0.94
0.82
0.73
0.66
32.68
6.66
3.34
2.22
1.67
1.33
1.11
0.95
0.84
0.74
0.67
31.79
6.48
3.25
2.17
1.62
1.30
1.08
0.93
0.81
0.72
0.65
31.62
6.57
3.28
2.18
1.64
1.31
1.09
0.94
0.82
0.73
0.66
32.00
6.55
3.29
2.19
1.64
1.31
1.10
0.94
0.82
0.73
0.66
31.65
6.51
3.24
2.16
1.62
1.30
1.08
0.93
0.81
0.72
0.65
31.29
6.35
3.21
2.14
1.61
1.28
1.07
0.92
0.80
0.71
0.64
31.59
6.46
3.22
2.15
1.61
1.29
1.08
0.92
0.81
0.72
0.65
31.81
6.47
3.26
2.17
1.63
1.30
1.08
0.93
0.81
0.72
0.65
31.58
6.45
3.24
2.16
1.62
1.30
1.08
0.93
0.81
0.72
0.65
32.11
6.48
3.26
2.18
1.64
1.31
1.09
0.93
0.82
0.73
0.65
31.69
6.48
3.27
2.18
1.63
1.31
1.09
0.93
0.81
0.73
0.65
32.40
6.58
3.31
2.20
1.65
1.32
1.10
0.95
0.83
0.74
0.66
32.49
6.61
3.34
2.23
1.67
1.34
1.11
0.96
0.84
0.74
0.67
31.50
6.41
3.21
2.14
1.60
1.28
1.07
0.92
0.80
0.71
0.64
31.68
6.48
3.26
2.18
1.63
1.31
1.09
0.93
0.82
0.73
0.65
30.95
6.32
3.15
2.11
1.58
1.26
1.05
0.90
0.79
0.70
0.63
31.80
6.46
3.24
2.16
1.62
1.30
1.08
0.93
0.81
0.72
0.65
30.88
6.33
3.15
2.10
1.58
1.26
1.05
0.90
0.79
0.70
0.63
30.32
6.19
3.11
2.07
1.55
1.24
1.03
0.89
0.78
0.69
0.62
31.25
6.39
3.21
2.14
1.60
1.28
1.07
0.92
0.80
0.71
0.64
31.26
6.36
3.21
2.13
1.60
1.28
1.07
0.91
0.80
0.71
0.64
31.72
6.50
3.25
2.17
1.62
1.30
1.08
0.93
0.81
0.72
0.65
31.53
6.42
3.24
2.15
1.61
1.29
1.08
0.92
0.81
0.72
0.65
31.13
6.42
3.20
2.14
1.60
1.28
1.07
0.92
0.80
0.71
0.64
32.03
6.50
3.26
2.18
1.64
1.31
1.09
0.94
0.82
0.73
0.66
31.39
6.47
3.23
2.16
1.62
1.29
1.08
0.92
0.81
0.72
0.65
31.86
6.52
3.25
2.17
1.63
1.30
1.09
0.93
0.81
0.72
0.65
31.93
6.53
3.27
2.18
1.64
1.31
1.09
0.93
0.82
0.73
0.65
32.01
6.51
3.25
2.17
1.63
1.30
1.09
0.93
0.81
0.72
0.65
31.59
6.46
3.22
2.15
1.61
1.29
1.07
0.92
0.81
0.72
0.64
31.92
6.47
3.26
2.17
1.63
1.30
1.08
0.93
0.81
0.72
0.65
31.35
6.40
3.22
2.14
1.61
1.29
1.07
0.92
0.80
0.71
0.64
32.07
6.54
3.26
2.18
1.64
1.31
1.09
0.93
0.82
0.73
0.65
30.72
6.25
3.14
2.09
1.57
1.26
1.05
0.90
0.78
0.70
0.63
30.68
6.22
3.12
2.08
1.56
1.25
1.04
0.89
0.78
0.70
0.63
31.10
6.32
3.17
2.11
1.58
1.27
1.06
0.90
0.79
0.70
0.63
30.80
6.26
3.14
2.09
1.57
1.26
1.05
0.90
0.79
0.70
0.63
31.20
6.35
3.18
2.12
1.59
1.27
1.06
0.91
0.80
0.71
0.64
31.28
6.42
3.21
2.14
1.60
1.28
1.07
0.91
0.80
0.71
0.64
29.95
6.10
3.04
2.03
1.53
1.22
1.02
0.87
0.76
0.68
0.61
30.20
6.18
3.09
2.06
1.55
1.24
1.03
0.88
0.77
0.69
0.62
30.18
6.17
3.10
2.06
1.55
1.24
1.03
0.88
0.77
0.69
0.62
29.95
6.08
3.05
2.04
1.52
1.22
1.02
0.87
0.76
0.68
0.61
29.94
6.08
3.04
2.03
1.52
1.22
1.01
0.87
0.76
0.68
0.61
30.18
6.15
3.08
2.06
1.54
1.23
1.03
0.88
0.77
0.68
0.62
29.52
5.96
2.98
1.99
1.49
1.20
1.00
0.85
0.75
0.66
0.60
30.16
6.13
3.05
2.04
1.53
1.23
1.02
0.87
0.77
0.68
0.61
29.76
6.02
3.02
2.01
1.51
1.21
1.01
0.86
0.75
0.67
0.60
30.44
6.18
3.09
2.06
1.54
1.23
1.03
0.88
0.77
0.69
0.62
29.93
6.07
3.04
2.02
1.52
1.22
1.01
0.87
0.76
0.68
0.61
29.37
5.99
2.99
2.00
1.50
1.20
1.00
0.86
0.75
0.67
0.60
30.43
6.20
3.10
2.07
1.55
1.24
1.03
0.89
0.78
0.69
0.62
30.23
6.10
3.05
2.04
1.53
1.22
1.02
0.87
0.76
0.68
0.61
30.76
6.27
3.17
2.10
1.57
1.26
1.05
0.90
0.79
0.70
0.63
30.20
6.18
3.09
2.07
1.55
1.24
1.03
0.88
0.77
0.69
0.62
29.89
6.11
3.05
2.03
1.53
1.22
1.02
0.87
0.76
0.68
0.61
29.78
6.08
3.05
2.03
1.53
1.22
1.02
0.87
0.76
0.68
0.61
30.51
6.15
3.08
2.06
1.54
1.23
1.03
0.88
0.77
0.68
0.62
30.18
6.19
3.10
2.06
1.54
1.24
1.03
0.89
0.78
0.69
0.62
30.26
6.17
3.09
2.06
1.55
1.24
1.03
0.88
0.77
0.69
0.62
30.80
6.27
3.14
2.09
1.57
1.25
1.05
0.90
0.78
0.70
0.63
30.40
6.19
3.11
2.07
1.55
1.24
1.04
0.89
0.78
0.69
0.62
29.91
6.08
3.04
2.03
1.52
1.22
1.01
0.87
0.76
0.68
0.61
30.61
6.26
3.13
2.08
1.56
1.25
1.04
0.90
0.78
0.70
0.63
31.38
6.39
3.20
2.13
1.60
1.28
1.06
0.91
0.80
0.71
0.64
31.33
6.32
3.17
2.12
1.59
1.27
1.06
0.91
0.79
0.71
0.64
31.12
6.32
3.17
2.11
1.58
1.27
1.06
0.91
0.79
0.70
0.63
32.13
6.49
3.28
2.18
1.64
1.31
1.09
0.93
0.82
0.73
0.65
30.22
6.17
3.09
2.07
1.55
1.24
1.03
0.88
0.77
0.69
0.62
31.15
6.39
3.19
2.14
1.59
1.28
1.07
0.91
0.80
0.71
0.64
30.92
6.27
3.14
2.10
1.58
1.26
1.05
0.90
0.79
0.70
0.63
30.34
6.17
3.10
2.07
1.55
1.24
1.03
0.89
0.78
0.69
0.62
30.85
6.25
3.13
2.08
1.56
1.25
1.04
0.89
0.78
0.69
0.63
30.59
6.26
3.16
2.10
1.58
1.26
1.05
0.90
0.79
0.70
0.63
31.43
6.36
3.19
2.13
1.59
1.27
1.06
0.91
0.80
0.71
0.64
31.38
6.37
3.20
2.13
1.60
1.28
1.07
0.91
0.80
0.71
0.64
31.47
6.46
3.22
2.15
1.61
1.29
1.07
0.92
0.80
0.72
0.64
31.54
6.54
3.26
2.18
1.63
1.30
1.09
0.93
0.82
0.73
0.65
31.95
6.54
3.28
2.18
1.63
1.31
1.09
0.94
0.82
0.73
0.66
31.70
6.56
3.29
2.19
1.65
1.32
1.10
0.94
0.82
0.73
0.66
32.00
6.54
3.26
2.19
1.63
1.31
1.09
0.94
0.82
0.73
0.66
32.38
6.68
3.31
2.19
1.66
1.33
1.10
0.95
0.83
0.74
0.66
31.30
6.45
3.23
2.15
1.61
1.29
1.07
0.92
0.81
0.72
0.64
31.49
6.36
3.19
2.13
1.60
1.28
1.07
0.91
0.80
0.71
0.64
31.77
6.55
3.27
2.18
1.63
1.31
1.09
0.93
0.82
0.73
0.65
31.64
6.48
3.24
2.16
1.62
1.30
1.08
0.93
0.81
0.72
0.65
32.29
6.58
3.30
2.20
1.65
1.32
1.10
0.94
0.82
0.73
0.66
31.62
6.46
3.23
2.15
1.61
1.29
1.08
0.92
0.81
0.72
0.65
31.51
6.45
3.23
2.15
1.61
1.30
1.08
0.92
0.81
0.72
0.64
31.64
6.47
3.23
2.16
1.62
1.30
1.08
0.92
0.81
0.72
0.65
32.04
6.56
3.29
2.20
1.64
1.32
1.10
0.94
0.82
0.73
0.66
31.15
6.35
3.20
2.13
1.60
1.28
1.07
0.91
0.80
0.71
0.64
