30.89
6.36
3.17
2.11
1.58
1.26
1.05
0.90
0.79
0.70
0.63
30.85
6.27
3.15
2.09
1.57
1.26
1.05
0.90
0.79
0.70
0.63
30.78
6.29
3.14
2.10
1.57
1.26
1.05
0.90
0.79
0.70
0.63
30.84
6.22
3.14
2.09
1.57
1.25
1.04
0.90
0.78
0.70
0.63
30.75
6.25
3.14
2.09
1.57
1.25
1.05
0.90
0.79
0.70
0.63
30.90
6.30
3.15
2.11
1.58
1.26
1.05
0.90
0.79
0.70
0.63
31.08
6.44
3.21
2.14
1.60
1.28
1.07
0.92
0.80
0.71
0.64
31.23
6.35
3.18
2.12
1.60
1.27
1.06
0.91
0.80
0.71
0.64
31.54
6.43
3.22
2.15
1.61
1.29
1.08
0.92
0.81
0.72
0.65
31.17
6.40
3.19
2.13
1.60
1.28
1.07
0.91
0.80
0.71
0.64
31.62
6.45
3.23
2.16
1.62
1.29
1.08
0.93
0.81
0.72
0.65
31.24
6.37
3.18
2.13
1.59
1.27
1.06
0.91
0.80
0.71
0.64
31.22
6.38
3.18
2.12
1.59
1.27
1.06
0.91
0.80
0.71
0.64
31.59
6.42
3.22
2.14
1.61
1.29
1.07
0.92
0.80
0.71
0.64
30.87
6.27
3.16
2.11
1.58
1.26
1.05
0.90
0.79
0.70
0.63
30.81
6.26
3.15
2.10
1.57
1.26
1.05
0.90
0.79
0.70
0.63
30.46
6.22
3.11
2.07
1.55
1.24
1.04
0.89
0.78
0.69
0.62
31.05
6.32
3.16
2.11
1.59
1.27
1.06
0.91
0.79
0.71
0.63
30.89
6.34
3.16
2.11
1.59
1.27
1.06
0.91
0.79
0.70
0.63
30.64
6.26
3.13
2.09
1.57
1.25
1.05
0.90
0.78
0.70
0.63
30.56
6.22
3.11
2.07
1.56
1.24
1.04
0.89
0.78
0.69
0.62
30.36
6.19
3.11
2.07
1.55
1.24
1.04
0.89
0.78
0.69
0.62
29.99
6.09
3.04
2.03
1.52
1.22
1.01
0.87
0.76
0.68
0.61
30.10
6.08
3.05
2.03
1.52
1.22
1.02
0.87
0.76
0.68
0.61
29.79
6.06
3.03
2.02
1.51
1.21
1.01
0.86
0.76
0.67
0.61
30.33
6.16
3.07
2.06
1.54
1.23
1.03
0.88
0.77
0.68
0.62
29.76
6.10
3.03
2.02
1.52
1.21
1.01
0.87
0.76
0.67
0.61
30.15
6.14
3.08
2.05
1.54
1.23
1.02
0.88
0.77
0.68
0.62
30.05
6.12
3.06
2.05
1.53
1.23
1.02
0.87
0.77
0.68
0.61
30.05
6.09
3.05
2.04
1.53
1.22
1.02
0.87
0.76
0.68
0.61
30.31
6.21
3.10
2.07
1.55
1.24
1.04
0.89
0.78
0.69
0.62
30.34
6.14
3.07
2.05
1.54
1.23
1.02
0.88
0.77
0.68
0.61
30.65
6.24
3.13
2.09
1.57
1.25
1.04
0.89
0.78
0.70
0.63
31.62
6.51
3.25
2.16
1.62
1.30
1.08
0.93
0.81
0.72
0.65
31.06
6.38
3.20
2.14
1.60
1.28
1.07
0.92
0.80
0.71
0.64
31.44
6.40
3.21
2.14
1.61
1.28
1.07
0.92
0.80
0.71
0.64
30.33
6.16
3.08
2.05
1.54
1.23
1.03
0.88
0.77
0.69
0.62
31.36
6.43
3.21
2.14
1.60
1.28
1.07
0.92
0.80
0.71
0.64
30.91
6.35
3.16
2.11
1.58
1.26
1.05
0.90
0.79
0.70
0.63
31.29
6.42
3.22
2.15
1.61
1.29
1.08
0.92
0.81
0.72
0.65
30.73
6.24
3.13
2.08
1.56
1.25
1.04
0.89
0.78
0.69
0.63
31.53
6.44
3.22
2.15
1.62
1.29
1.08
0.92
0.81
0.72
0.65
30.78
6.27
3.13
2.09
1.57
1.25
1.04
0.89
0.78
0.70
0.63
31.08
6.35
3.18
2.12
1.59
1.27
1.06
0.91
0.80
0.71
0.64
31.47
6.40
3.21
2.15
1.60
1.28
1.07
0.92
0.80
0.71
0.64
30.92
6.40
3.20
2.13
1.60
1.28
1.07
0.92
0.80
0.71
0.64
31.74
6.46
3.26
2.16
1.62
1.30
1.08
0.93
0.81
0.72
0.65
32.39
6.61
3.31
2.21
1.66
1.33
1.11
0.95
0.83
0.74
0.66
31.42
6.35
3.19
2.12
1.59
1.27
1.06
0.91
0.80
0.71
0.64
31.26
6.39
3.19
2.13
1.60
1.28
1.07
0.91
0.80
0.71
0.64
31.34
6.35
3.20
2.13
1.60
1.28
1.07
0.92
0.80
0.71
0.64
31.40
6.44
3.22
2.14
1.61
1.29
1.07
0.92
0.81
0.72
0.64
31.31
6.41
3.23
2.14
1.60
1.29
1.07
0.92
0.80
0.71
0.64
31.49
6.47
3.24
2.16
1.62
1.30
1.08
0.93
0.81
0.72
0.65
31.25
6.45
3.21
2.15
1.61
1.29
1.08
0.92
0.81
0.72
0.64
31.26
6.36
3.19
2.13
1.60
1.28
1.06
0.91
0.80
0.71
0.64
31.53
6.44
3.24
2.15
1.61
1.29
1.08
0.92
0.81
0.72
0.65
31.88
6.52
3.26
2.17
1.63
1.30
1.09
0.93
0.81
0.72
0.65
31.67
6.48
3.25
2.16
1.62
1.30
1.08
0.93
0.81
0.72
0.65
30.95
6.31
3.16
2.11
1.58
1.27
1.05
0.91
0.79
0.70
0.63
32.54
6.62
3.31
2.21
1.66
1.32
1.10
0.94
0.83
0.74
0.66
31.69
6.50
3.25
2.16
1.62
1.30
1.08
0.93
0.81
0.72
0.65
31.61
6.45
3.21
2.14
1.61
1.29
1.07
0.92
0.80
0.71
0.64
30.94
6.34
3.17
2.12
1.58
1.27
1.06
0.91
0.79
0.70
0.63
31.33
6.38
3.21
2.14
1.60
1.28
1.07
0.91
0.80
0.71
0.64
30.86
6.33
3.19
2.12
1.59
1.27
1.06
0.91
0.80
0.71
0.64
31.89
6.49
3.24
2.17
1.62
1.30
1.08
0.93
0.81
0.72
0.65
31.43
6.42
3.22
2.15
1.61
1.29
1.08
0.92
0.81
0.72
0.65
31.55
6.46
3.25
2.16
1.62
1.30
1.08
0.93
0.81
0.72
0.65
31.04
6.34
3.16
2.11
1.58
1.27
1.06
0.91
0.79
0.70
0.63
31.62
6.46
3.23
2.15
1.62
1.30
1.08
0.92
0.81
0.72
0.65
31.21
6.34
3.18
2.12
1.59
1.27
1.06
0.91
0.79
0.70
0.63
30.96
6.32
3.16
2.11
1.58
1.27
1.06
0.91
0.79
0.70
0.63
31.10
6.31
3.15
2.10
1.58
1.26
1.05
0.90
0.79
0.70
0.63
30.46
6.21
3.10
2.06
1.55
1.24
1.03
0.89
0.77
0.69
0.62
30.33
6.16
3.08
2.06
1.55
1.23
1.03
0.88
0.77
0.69
0.62
30.16
6.20
3.09
2.06
1.54
1.23
1.03
0.88
0.77
0.69
0.62
30.33
6.18
3.11
2.06
1.55
1.24
1.04
0.89
0.78
0.69
0.62
29.81
6.09
3.04
2.03
1.52
1.22
1.01
0.87
0.76
0.68
0.61
29.96
6.18
3.10
2.07
1.55
1.24
1.03
0.89
0.78
0.69
0.62
29.96
6.06
3.04
2.02
1.51
1.21
1.01
0.87
0.76
0.67
0.61
30.35
6.17
3.10
2.07
1.55
1.24
1.03
0.88
0.77
0.69
0.62
30.39
6.19
3.09
2.07
1.55
1.24
1.03
0.89
0.77
0.69
0.62
30.50
6.23
3.11
2.08
1.56
1.25
1.04
0.89
0.78
0.69
0.62
29.86
6.10
3.04
2.03
1.52
1.22
1.01
0.87
0.76
0.68
0.61
29.44
6.00
3.00
2.00
1.50
1.20
1.00
0.86
0.75
0.67
0.60
29.28
5.95
2.98
1.99
1.49
1.19
0.99
0.85
0.75
0.66
0.60
29.72
6.07
3.04
2.03
1.52
1.22
1.01
0.87
0.76
0.68
0.61
29.35
5.98
3.00
2.00
1.50
1.20
1.00
0.86
0.75
0.67
0.60
29.59
6.00
3.00
2.00
1.50
1.20
1.00
0.86
0.75
0.67
0.60
29.66
6.05
3.02
2.01
1.51
1.21
1.01
0.86
0.75
0.67
0.60
29.91
6.10
3.06
2.04
1.53
1.22
1.02
0.87
0.76
0.68
0.61
29.26
5.95
2.97
1.98
1.49
1.19
0.99
0.85
0.74
0.66
0.60
29.29
5.98
2.99
1.99
1.49
1.20
1.00
0.85
0.75
0.66
0.60
29.59
5.98
3.00
2.00
1.50
1.20
1.00
0.86
0.75
0.67
0.60
29.59
5.99
3.01
2.00
1.50
1.20
1.00
0.86
0.75
0.67
0.60
29.70
6.01
3.02
2.01
1.51
1.21
1.01
0.86
0.76
0.67
0.60
29.37
5.96
2.99
1.99
1.50
1.20
1.00
0.85
0.75
0.66
0.60
29.93
6.10
3.06
2.04
1.53
1.22
1.02
0.87
0.76
0.68
0.61
29.78
6.03
3.02
2.01
1.51
1.21
1.01
0.86
0.76
0.67
0.60
30.13
6.15
3.08
2.05
1.54
1.23
1.03
0.88
0.77
0.68
0.62
31.09
6.34
3.18
2.13
1.60
1.27
1.06
0.91
0.80
0.71
0.64
30.59
6.23
3.12
2.08
1.56
1.25
1.04
0.89
0.78
0.69
0.63
30.66
6.26
3.14
2.09
1.57
1.25
1.04
0.90
0.78
0.70
0.63
30.08
6.10
3.06
2.04
1.53
1.22
1.02
0.87
0.77
0.68
0.61
29.81
6.12
3.05
2.03
1.53
1.22
1.02
0.87
0.76
0.68
0.61
30.08
6.12
3.08
2.05
1.54
1.23
1.03
0.88
0.77
0.68
0.61
29.61
5.98
3.00
2.00
1.50
1.20
1.00
0.86
0.75
0.67
0.60
30.04
6.12
3.07
2.04
1.53
1.23
1.02
0.88
0.77
0.68
0.61
31.66
6.45
3.24
2.16
1.62
1.29
1.08
0.92
0.81
0.72
0.65
30.82
6.28
3.13
2.09
1.57
1.26
1.05
0.90
0.79
0.70
0.63
31.09
6.29
3.17
2.11
1.59
1.27
1.06
0.91
0.79
0.71
0.63
31.06
6.32
3.16
2.11
1.58
1.27
1.06
0.90
0.79
0.70
0.63
31.00
6.29
3.15
2.10
1.58
1.26
1.05
0.90
0.79
0.70
0.63
30.58
6.22
3.12
2.08
1.56
1.25
1.04
0.89
0.78
0.69
0.62
30.43
6.17
3.10
2.06
1.55
1.24
1.03
0.88
0.77
0.69
0.62
29.43
6.01
3.00
2.00
1.50
1.20
1.00
0.86
0.75
0.67
0.60
30.27
6.17
3.11
2.06
1.55
1.24
1.03
0.88
0.77
0.69
0.62
30.12
6.15
3.08
2.06
1.54
1.23
1.03
0.88
0.77
0.68
0.62
30.37
6.16
3.10
2.06
1.55
1.24
1.03
0.88
0.77
0.69
0.62
30.35
6.23
3.12
2.09
1.56
1.25
1.04
0.89
0.78
0.70
0.63
29.77
6.04
3.04
2.03
1.52
1.22
1.01
0.87
0.76
0.67
0.61
29.64
6.00
3.01
2.01
1.51
1.21
1.00
0.86
0.75
0.67
0.60
29.41
6.02
3.02
2.02
1.51
1.21
1.01
0.86
0.76
0.67
0.60
29.45
6.03
3.02
2.01
1.51
1.21
1.01
0.86
0.75
0.67
0.60
30.07
6.12
3.06
2.04
1.53
1.23
1.02
0.87
0.77
0.68
0.61
30.35
6.18
3.10
2.07
1.55
1.24
1.03
0.89
0.78
0.69
0.62
30.31
6.19
3.10
2.07
1.55
1.24
1.03
0.89
0.78
0.69
0.62
