24.95
2.45
3.67
3.31
2.97
3.59
3.24
3.42
3.40
3.01
3.69
28.47
6.07
4.22
3.76
3.88
3.61
3.78
3.82
3.77
3.76
3.89
19.64
2.74
3.31
2.63
2.82
2.71
2.80
2.73
2.81
2.81
2.65
10.46
4.35
3.31
3.67
3.58
3.00
3.02
3.30
3.64
2.98
3.34
29.87
7.49
4.00
4.02
4.07
4.03
4.07
4.07
3.98
4.02
4.08
29.00
6.16
4.70
4.69
4.49
4.51
4.38
4.54
4.55
4.61
4.31
29.74
6.07
4.05
4.02
4.05
4.06
3.98
4.06
4.09
3.89
4.02
21.22
4.77
4.32
4.74
4.26
4.40
4.26
4.44
4.54
4.18
4.52
26.49
6.13
4.09
4.44
4.11
4.11
4.19
4.37
4.22
4.30
4.11
26.43
3.96
3.74
3.99
3.59
3.71
3.92
3.81
3.54
4.05
3.96
17.75
3.08
2.80
3.07
2.73
3.03
2.59
3.21
2.75
2.88
2.76
16.11
3.50
3.59
2.89
3.18
3.03
2.87
3.00
3.19
2.83
3.05
30.86
5.94
4.06
4.06
4.03
4.11
4.10
4.12
4.09
4.04
4.03
28.25
6.15
3.80
3.61
4.06
3.93
4.05
3.70
4.01
3.54
3.57
20.57
6.94
3.64
4.02
4.25
4.16
4.06
3.92
4.20
4.17
3.84
16.50
2.63
2.01
1.82
2.17
2.41
2.40
2.21
2.33
2.20
2.01
14.80
3.64
3.25
3.43
3.52
3.82
3.79
3.85
3.53
3.57
3.78
24.23
4.28
3.50
3.50
3.45
3.73
3.47
3.63
3.45
3.68
3.61
14.40
2.68
2.59
2.09
2.32
2.69
2.71
2.46
2.25
2.38
2.51
29.12
6.03
4.13
4.06
4.09
4.08
4.10
4.09
4.09
4.10
4.10
17.21
3.50
3.19
3.12
3.14
3.35
3.06
3.29
3.37
3.45
3.35
13.63
3.48
2.80
2.98
3.64
3.07
2.85
2.82
2.94
2.85
2.70
19.97
3.54
2.89
2.91
2.62
2.64
2.52
2.76
2.76
2.81
2.85
21.95
4.01
2.97
3.00
2.68
2.90
2.85
3.10
2.82
2.72
2.70
8.30
1.86
2.08
1.47
1.50
1.84
1.47
1.50
1.41
1.68
1.39
22.67
5.78
3.90
3.55
3.89
3.94
4.17
4.03
3.58
3.63
3.64
24.30
6.76
4.26
4.21
4.19
4.20
4.22
4.22
4.21
4.20
4.22
22.94
3.46
3.14
3.20
3.37
2.93
3.26
3.17
3.28
2.72
2.64
16.53
3.85
2.30
2.08
2.23
2.06
2.32
2.59
2.14
2.05
2.21
12.69
3.06
3.36
2.80
2.92
2.83
2.69
2.63
3.37
2.99
2.79
29.19
5.28
4.17
4.01
4.09
4.11
4.14
4.10
4.05
4.08
4.08
27.04
5.02
4.01
3.95
3.96
3.90
3.93
3.94
3.92
3.87
3.97
30.14
6.30
4.15
4.14
4.11
4.08
4.11
4.14
4.14
4.10
4.14
30.77
3.45
3.33
3.37
3.40
3.43
3.53
3.49
3.57
3.60
3.39
25.13
5.57
5.32
5.08
5.29
5.34
5.25
5.03
4.84
4.99
5.18
25.10
4.34
4.33
4.27
4.22
4.35
4.33
4.35
4.34
4.33
4.34
20.43
5.24
3.72
4.18
3.73
3.50
3.61
3.56
3.91
3.74
3.48
27.83
6.27
4.26
4.07
3.92
4.19
4.23
4.22
3.95
4.19
4.23
27.27
3.45
3.48
2.93
2.93
3.23
3.30
3.07
3.22
3.25
3.70
22.29
5.79
3.55
3.83
3.69
3.34
3.75
3.47
3.48
3.76
3.81
21.57
4.49
4.06
3.66
4.00
3.65
3.51
3.72
3.65
3.74
3.66
19.70
3.57
3.14
3.24
3.13
3.33
2.96
3.30
3.11
3.13
3.11
28.46
4.58
3.77
3.84
4.22
4.33
4.09
4.14
4.18
4.17
4.13
24.80
4.64
4.09
3.56
3.55
3.83
4.15
4.05
4.06
4.13
3.61
18.01
4.93
4.06
3.48
3.93
4.05
3.88
4.20
3.81
4.03
4.05
29.85
3.99
3.88
4.67
3.91
4.67
3.70
3.99
3.78
3.64
3.82
23.56
5.64
3.55
3.68
3.81
3.71
3.58
3.51
3.46
3.72
3.97
25.62
3.61
3.20
3.40
3.16
3.16
2.98
3.14
3.42
3.29
2.74
27.34
6.97
4.59
4.74
4.52
4.57
4.39
4.50
4.45
4.36
4.85
13.36
4.47
3.04
2.72
2.66
2.74
2.75
2.89
2.66
3.17
3.30
16.32
5.96
3.79
3.60
3.58
3.15
3.53
3.57
3.52
3.50
3.67
31.84
5.39
4.11
3.78
4.31
4.11
4.12
4.30
3.89
4.28
4.18
17.53
4.36
4.24
3.73
4.31
4.06
4.31
4.46
4.18
3.51
3.77
26.12
4.59
3.41
3.22
3.25
3.11
3.19
3.25
3.39
3.24
3.19
18.72
2.51
3.09
2.94
2.56
2.70
2.66
2.89
2.64
2.88
2.77
26.81
5.64
4.28
4.22
4.20
4.12
4.07
4.19
4.01
4.76
4.18
10.14
2.70
1.93
2.15
2.05
2.49
2.06
2.50
2.38
2.56
2.25
15.45
2.95
3.06
2.93
2.99
2.64
2.69
2.73
2.59
3.02
3.04
12.97
2.29
2.26
2.49
2.37
2.56
2.24
2.31
2.82
2.54
2.38
11.78
2.71
2.16
2.25
2.17
2.16
2.19
2.06
1.95
2.10
2.11
28.62
6.88
3.71
3.85
3.88
3.64
3.69
3.65
3.54
3.65
3.86
31.80
6.09
4.90
4.74
4.60
4.76
4.67
4.59
4.80
4.94
4.58
17.23
3.16
3.71
3.29
4.44
2.72
3.60
3.72
3.59
3.40
3.25
28.78
5.36
4.13
3.84
4.35
3.99
4.49
4.27
4.15
3.93
4.06
24.80
2.74
3.15
3.28
2.91
3.29
3.67
2.57
2.85
2.91
2.74
17.32
4.27
3.32
3.62
3.19
3.52
3.61
3.61
3.21
3.83
3.16
26.79
5.86
4.33
4.37
4.53
4.59
4.36
4.07
4.32
4.36
4.37
24.87
3.03
3.70
3.22
2.65
3.15
3.35
2.66
2.85
2.71
2.70
11.94
2.03
1.65
2.27
2.62
1.85
2.14
1.82
2.58
2.23
2.56
13.43
3.72
3.01
3.27
3.47
2.68
3.08
2.64
2.84
3.15
2.96
26.03
4.54
4.31
4.14
4.30
3.95
4.10
4.35
4.05
4.02
4.09
23.79
5.95
4.44
4.45
4.47
4.45
4.45
4.45
4.45
4.45
4.46
14.90
2.26
2.48
2.17
2.20
2.11
2.18
1.98
2.02
1.91
2.08
15.72
5.40
3.31
2.97
3.75
3.30
2.81
3.23
3.57
2.95
2.79
11.57
2.88
2.77
2.57
2.45
2.76
2.70
3.61
2.50
2.50
2.57
8.48
1.94
1.80
2.24
2.23
2.24
2.28
2.04
2.18
2.18
2.29
25.05
4.26
4.14
4.03
4.14
4.26
4.26
4.26
4.17
4.06
4.26
28.41
5.87
4.26
4.19
4.27
4.25
4.27
4.27
4.27
4.27
4.30
14.54
3.97
3.20
3.53
3.46
3.34
3.37
3.53
3.63
3.32
3.40
29.32
5.38
4.26
4.21
4.23
4.20
4.19
4.19
4.20
4.19
4.20
9.03
3.08
2.04
2.77
2.70
3.50
2.70
3.72
2.69
2.51
2.43
11.46
2.88
3.07
2.79
2.37
2.65
2.73
2.61
2.55
2.70
2.57
21.08
4.05
4.42
3.94
4.10
4.30
4.30
4.19
4.33
4.28
4.51
26.82
4.31
3.68
3.74
3.80
3.71
4.34
3.87
3.82
3.89
3.90
20.81
4.17
3.31
3.69
3.66
3.30
3.52
3.64
3.23
3.16
3.21
26.11
5.86
3.87
4.08
3.98
3.91
4.01
4.01
4.19
3.94
4.01
25.88
4.67
3.39
3.46
3.23
3.44
3.50
3.24
3.41
3.64
3.32
17.26
3.43
3.31
3.40
3.07
3.48
3.41
3.20
3.52
3.17
3.23
14.75
2.08
2.06
2.65
2.15
2.23
2.55
2.57
1.86
2.28
2.59
8.51
2.47
2.44
2.52
2.30
2.33
2.30
2.70
2.66
2.45
2.26
25.17
5.64
4.17
4.48
3.98
4.23
3.89
4.07
4.18
4.14
4.20
19.71
4.23
3.50
3.13
3.67
3.58
3.82
3.26
3.44
3.54
3.40
21.98
6.29
4.26
4.22
3.87
4.18
4.27
4.27
4.27
4.26
4.27
19.44
4.46
3.89
3.50
3.41
3.63
3.60
3.61
3.63
3.60
3.63
25.11
4.08
3.62
3.57
3.72
3.67
3.75
3.67
3.94
4.08
3.61
24.58
5.18
4.32
3.93
3.90
3.61
3.94
3.90
3.76
3.69
3.03
23.62
5.35
4.09
4.09
4.09
4.08
4.09
4.09
4.07
4.09
4.08
20.07
3.18
2.43
2.92
2.38
2.34
2.23
2.73
2.34
2.85
2.65
7.24
1.54
1.56
1.95
1.57
1.54
1.88
1.63
1.91
1.89
1.70
20.94
5.23
3.60
3.07
3.45
3.80
3.32
3.99
3.17
4.05
3.88
13.69
4.05
2.78
2.36
2.59
2.55
2.78
2.40
2.56
2.49
2.51
11.00
2.60
2.39
2.08
1.86
2.05
2.22
2.19
2.38
2.36
1.96
16.63
4.99
3.67
3.94
3.30
3.35
3.76
3.66
3.83
3.50
3.59
24.07
5.43
4.25
4.25
4.04
4.24
4.23
4.24
4.20
4.23
4.23
25.65
3.87
4.14
4.17
4.19
4.13
4.03
4.17
3.88
4.18
3.94
26.74
4.19
4.34
4.28
4.31
4.30
4.31
4.30
4.30
4.25
4.32
17.84
3.07
2.82
3.26
3.82
3.01
2.95
2.88
3.12
2.94
2.91
24.39
5.55
4.18
4.36
4.26
4.27
4.28
4.28
4.33
4.28
4.27
11.61
2.27
1.92
2.31
2.35
2.36
2.33
2.35
2.01
2.01
2.03
24.72
3.80
3.54
3.65
3.58
3.53
3.79
3.91
3.65
3.48
3.60
18.45
4.72
3.48
3.42
3.64
3.46
3.39
3.52
3.41
3.22
3.58
23.57
5.39
3.83
3.93
3.69
3.93
3.86
3.68
3.76
3.70
3.65
27.25
4.44
4.55
4.50
4.47
4.45
4.61
4.42
4.49
4.49
4.71
26.66
5.62
4.39
3.88
3.90
3.90
3.90
3.99
3.86
3.91
3.88
27.29
4.70
4.28
3.88
3.91
3.90
3.72
3.75
3.94
3.85
3.79
26.30
3.85
3.54
3.65
3.48
3.74
3.63
3.62
3.64
3.57
3.65
24.07
3.60
3.58
3.74
3.39
3.66
3.93
3.81
3.63
3.50
3.59
21.98
4.55
3.65
3.45
3.98
4.42
4.06
4.17
3.58
3.92
4.13
28.15
6.80
4.46
4.35
4.28
4.35
4.64
4.38
4.28
4.40
4.39
10.75
2.66
2.23
2.73
2.51
2.47
2.34
2.32
2.45
2.78
2.44
6.83
1.60
1.42
1.20
1.09
1.41
1.26
1.23
1.44
1.23
1.30
15.84
3.97
2.89
3.08
2.94
3.17
3.01
3.31
2.96
3.70
3.14
25.55
4.61
3.97
3.91
3.91
4.10
3.93
3.72
3.88
3.82
3.79
28.05
6.15
4.26
4.45
4.45
4.35
4.41
4.36
4.21
4.45
4.28
18.54
6.69
3.60
4.18
3.63
3.50
3.97
4.25
3.50
3.94
4.17
29.83
5.52
4.49
4.48
4.49
4.52
4.48
4.50
4.49
4.49
4.48
30.14
4.41
3.83
3.87
3.84
3.85
3.84
3.84
3.83
3.84
3.84
29.40
3.97
4.13
4.02
4.11
3.87
3.96
3.96
3.95
3.96
4.02
