21.14
4.63
4.49
4.67
4.21
4.32
4.49
4.49
4.60
4.50
4.51
20.07
4.34
3.46
3.36
3.27
4.30
3.40
3.47
3.48
3.20
3.03
26.30
4.53
3.94
4.01
4.11
3.94
3.84
4.03
4.01
3.88
4.28
25.17
4.56
4.11
4.07
4.08
4.03
4.08
4.07
4.06
4.08
3.93
21.53
3.98
4.43
4.41
4.31
4.19
4.43
4.26
3.87
4.17
4.33
25.25
5.17
5.10
4.92
4.89
5.17
5.06
4.77
4.91
4.90
4.96
27.72
5.30
4.06
3.85
4.01
4.06
4.03
4.08
4.03
4.19
4.15
28.64
5.84
3.95
4.24
4.07
4.34
4.34
4.12
4.24
4.21
4.33
26.82
5.48
3.93
3.68
3.65
3.66
3.96
3.76
4.03
3.90
3.83
16.59
5.31
3.50
3.58
3.41
3.35
3.33
3.07
3.10
2.96
2.94
13.69
2.78
2.47
2.15
2.47
2.25
2.56
2.63
2.42
2.05
2.09
24.40
5.06
3.63
3.48
3.60
3.46
3.51
3.34
3.23
3.51
3.51
10.61
3.21
3.07
2.69
2.51
2.79
2.64
2.71
2.90
2.89
2.35
27.34
5.73
4.47
3.81
4.02
4.09
4.10
4.07
3.94
4.09
4.07
14.56
3.23
3.14
2.72
2.68
2.44
2.93
2.49
2.55
2.55
2.62
11.68
2.35
2.13
2.03
2.47
2.41
2.08
2.57
2.05
2.16
1.84
11.08
3.28
2.81
2.96
2.96
2.85
1.97
2.51
2.83
2.62
3.01
16.21
2.85
2.52
2.27
2.08
2.63
2.22
2.31
2.32
2.40
2.35
21.05
3.06
3.08
3.19
3.16
3.12
2.87
3.27
2.75
3.22
2.99
20.03
4.72
2.58
3.05
2.93
2.69
2.91
3.05
2.45
2.68
2.83
23.35
5.52
3.84
4.18
3.43
3.51
3.72
3.62
3.92
3.61
3.78
31.02
5.68
4.19
4.19
4.23
4.48
4.24
4.42
4.32
4.72
4.00
10.76
2.61
2.34
1.73
1.64
1.86
2.16
2.48
1.70
1.76
1.80
15.77
3.25
2.52
2.19
2.05
2.45
2.43
2.06
2.51
2.20
2.45
12.87
3.97
3.51
3.07
3.29
3.64
3.30
3.40
3.73
3.20
3.95
17.53
4.85
3.51
3.75
3.55
3.64
3.53
4.02
3.68
4.16
3.73
27.13
5.45
4.10
4.50
4.27
3.76
4.01
4.51
4.51
4.30
4.36
16.23
3.69
1.91
2.01
2.19
2.44
2.15
1.82
2.42
2.27
1.94
4.42
1.71
1.83
1.61
1.95
1.63
1.64
1.82
1.80
1.65
1.90
26.06
4.31
3.49
3.77
3.64
3.52
3.59
3.49
3.79
3.57
3.61
18.25
3.77
3.02
3.31
3.29
3.35
3.39
3.76
3.36
3.41
3.19
13.93
2.85
3.30
2.86
2.93
2.41
2.58
3.15
3.06
3.10
3.16
21.41
5.70
3.82
3.74
4.19
3.79
3.72
3.83
3.74
3.73
3.91
11.28
2.37
2.00
2.11
2.38
2.09
2.35
2.24
2.60
2.31
2.27
27.12
4.35
4.14
4.01
4.03
4.33
4.47
4.06
4.63
4.55
4.18
24.53
7.42
3.77
3.89
3.84
3.85
3.85
3.83
3.83
3.83
3.87
14.67
3.93
2.42
2.38
2.31
2.31
2.48
2.95
2.23
2.50
2.15
12.59
3.71
2.68
2.66
2.76
2.69
3.00
2.98
3.05
2.75
2.91
20.35
3.22
2.99
3.63
2.91
2.92
2.67
2.82
2.82
3.46
3.04
23.75
3.90
3.02
2.68
2.58
2.79
3.35
2.95
3.62
2.71
3.40
31.18
6.37
4.51
4.49
4.28
4.38
4.51
4.49
4.25
4.39
4.36
19.06
7.00
4.27
3.90
4.40
3.65
3.98
3.89
4.01
4.05
3.69
30.37
4.43
3.94
3.73
4.02
4.00
3.98
4.20
4.17
3.77
4.06
29.17
7.40
3.94
3.94
3.95
3.93
3.93
3.92
3.91
3.91
3.91
26.64
4.78
3.59
3.75
3.75
3.74
3.81
3.63
3.73
3.74
3.74
17.09
3.33
3.25
3.68
3.41
3.15
4.35
3.86
3.57
3.34
3.66
12.28
3.74
2.94
3.70
2.90
2.90
3.28
2.96
3.25
2.99
3.22
9.14
3.99
2.69
2.80
2.63
4.08
2.73
2.66
2.68
3.21
2.61
9.03
2.42
2.24
2.04
2.41
2.91
2.91
2.02
3.02
2.17
2.71
31.51
6.76
4.17
4.18
3.84
3.85
4.18
4.27
3.85
4.49
3.98
26.59
5.58
4.77
4.52
4.72
4.79
4.56
4.31
4.52
4.26
4.56
29.23
5.11
4.11
4.06
4.05
3.81
4.08
4.07
3.80
4.07
4.00
9.53
3.33
2.55
2.22
2.46
2.40
2.20
2.40
2.36
2.34
2.40
12.30
2.92
2.66
2.79
2.62
2.96
2.80
3.18
3.38
2.58
2.34
29.21
6.28
4.77
4.76
4.79
4.62
4.78
4.79
4.79
4.80
4.79
28.67
4.15
4.16
4.18
4.15
4.15
4.14
4.15
4.17
4.17
4.17
12.35
3.61
3.23
3.24
3.21
3.11
3.54
3.34
3.45
3.42
3.41
26.80
5.05
4.51
3.96
4.36
4.25
4.59
4.20
4.58
4.07
4.58
20.06
3.02
3.55
3.24
3.42
3.48
3.42
2.86
3.10
3.18
3.23
10.71
1.84
1.91
1.93
1.96
1.97
2.05
1.83
2.06
1.65
2.14
17.38
3.11
3.41
2.59
3.05
3.58
3.39
2.79
3.53
2.97
3.83
29.26
4.76
4.21
4.20
4.18
4.12
4.14
4.21
4.17
4.12
4.15
19.83
3.88
4.69
3.77
3.86
4.37
3.95
3.93
4.29
3.67
3.68
26.51
5.50
3.82
4.08
4.00
4.16
4.07
3.91
4.02
4.10
3.99
13.75
2.95
3.15
2.84
3.31
3.27
2.82
3.52
2.78
3.34
3.38
21.74
4.11
4.24
3.80
3.81
3.57
3.64
3.67
3.50
3.53
4.23
22.56
5.36
4.00
3.67
4.17
3.66
4.12
3.73
3.90
4.07
4.00
21.31
4.57
4.05
4.28
3.66
4.29
3.74
3.77
4.01
4.23
3.91
21.70
5.31
3.88
3.74
4.12
4.19
3.71
3.71
3.88
3.61
3.71
28.60
5.88
4.55
3.99
4.22
4.20
4.20
4.22
4.05
4.20
4.19
29.73
5.02
4.76
4.75
4.74
4.75
4.74
4.75
4.72
4.75
4.73
24.54
7.09
4.25
4.51
4.13
4.13
4.01
4.06
3.65
3.95
4.15
18.71
2.54
2.47
2.40
2.33
2.71
2.86
2.51
2.41
2.72
2.37
21.41
4.12
4.12
4.29
4.21
4.13
4.29
4.28
4.01
3.88
3.97
19.11
2.53
2.89
3.39
2.98
3.04
2.60
3.28
2.90
2.70
2.80
16.37
3.22
2.95
3.56
3.41
3.29
3.99
3.44
3.72
3.15
3.36
13.75
2.33
1.93
2.04
2.49
2.16
2.06
1.96
2.60
2.49
2.15
8.90
1.83
2.06
1.56
1.85
1.54
1.63
1.46
1.44
1.71
1.84
16.97
2.79
2.57
2.76
2.93
2.59
2.78
2.70
3.04
2.97
2.78
27.80
5.05
3.98
3.92
3.99
3.82
3.92
3.92
3.98
3.84
3.84
28.78
4.93
4.52
4.86
4.62
4.82
4.46
4.53
4.83
4.65
4.83
18.91
3.59
3.16
3.58
3.88
3.24
3.54
3.29
3.42
3.33
3.24
18.54
3.21
3.72
3.45
3.57
3.98
3.41
4.09
3.85
3.43
3.53
21.25
6.16
4.39
4.30
4.46
4.30
4.20
4.46
4.44
4.48
4.37
18.62
3.00
3.55
3.28
3.13
2.90
2.96
3.00
3.68
2.91
3.11
19.46
3.75
3.98
4.16
4.15
4.16
3.98
4.29
4.27
4.25
3.99
25.52
5.65
4.26
4.04
4.01
4.04
4.06
3.95
4.07
3.93
4.06
25.98
6.75
4.37
4.36
4.31
4.32
4.33
4.29
4.29
4.29
4.47
27.00
4.76
4.41
4.41
4.41
4.42
4.40
4.40
4.40
4.37
4.33
19.72
4.74
3.88
4.17
4.08
4.14
4.79
3.77
3.95
3.64
4.04
27.26
4.55
3.91
3.89
3.83
3.94
3.91
3.91
3.65
3.92
3.74
23.16
5.23
4.21
4.12
4.20
4.15
4.26
4.16
4.25
4.08
4.21
27.30
3.92
3.58
3.72
3.75
4.55
4.53
3.43
4.43
4.21
4.42
20.00
4.49
3.43
3.36
3.62
3.51
3.43
3.64
3.28
3.71
3.38
26.23
4.59
3.83
4.03
4.08
3.96
4.17
3.88
3.81
3.96
3.91
21.71
4.24
4.53
4.84
4.71
4.76
4.23
4.56
4.26
4.79
4.28
25.95
4.86
4.63
4.81
4.05
4.68
4.54
4.52
4.67
4.81
4.47
11.85
3.80
2.98
3.11
3.14
3.13
3.04
3.36
3.26
3.34
3.02
27.96
6.08
4.23
4.23
4.00
4.26
4.22
4.23
4.31
4.08
4.09
19.74
3.43
2.84
3.17
3.60
3.33
3.39
3.54
3.30
3.37
3.49
14.94
2.67
1.72
2.23
2.17
2.46
2.30
2.17
1.92
1.89
2.52
12.65
5.54
2.78
2.99
2.34
2.50
2.49
2.98
2.47
2.43
2.86
18.29
3.35
3.96
3.57
3.53
3.27
3.40
3.54
3.61
3.71
3.33
20.11
5.31
3.41
3.60
3.56
3.40
3.50
3.54
3.38
3.31
3.52
27.25
3.68
3.75
3.77
3.62
3.57
3.77
3.74
3.66
3.65
3.76
22.03
3.86
3.43
3.93
3.86
3.91
4.02
3.70
3.86
3.83
3.96
13.03
2.96
3.35
2.88
2.84
2.26
3.17
2.94
2.52
2.85
2.88
29.62
6.75
4.40
4.57
4.52
4.62
4.82
4.82
4.32
4.25
4.34
18.25
4.50
3.53
3.93
3.65
3.43
3.46
3.41
3.48
3.43
3.54
28.96
6.52
4.09
4.30
4.13
4.25
4.28
4.28
4.27
4.27
4.28
28.35
4.94
4.10
4.20
4.08
4.11
4.21
4.00
4.18
4.18
4.16
19.33
3.90
3.59
3.61
3.99
3.74
4.13
3.61
3.98
3.99
3.84
12.92
2.36
2.65
2.54
2.17
2.38
2.16
2.25
2.47
2.05
2.10
22.64
4.02
3.56
3.92
3.76
3.94
3.82
3.77
4.36
3.93
4.01
24.97
5.66
4.17
4.19
4.21
3.92
4.19
4.17
4.19
4.18
4.21
25.96
4.21
4.39
4.02
4.16
4.25
4.17
4.10
4.24
3.98
4.26
7.73
2.44
2.66
2.25
2.38
3.23
2.01
2.19
2.04
2.40
2.18
11.39
2.44
2.49
3.16
2.85
2.82
2.68
2.46
2.40
2.17
2.18
31.10
5.74
4.07
4.10
4.07
4.10
4.13
4.05
4.08
4.11
4.13
22.91
6.48
4.63
4.63
4.66
4.67
4.63
4.64
4.66
4.61
4.66
9.89
1.47
1.78
1.70
1.71
1.80
1.62
1.68
1.68
1.49
1.55
11.25
0.94
1.14
1.26
1.16
0.95
1.17
1.13
1.47
1.23
1.19
26.40
5.39
4.99
4.33
4.31
4.33
4.32
4.34
4.34
4.34
4.34
7.30
2.26
3.00
1.88
2.75
2.99
2.79
2.70
2.72
2.96
2.18
19.58
1.94
1.75
1.99
2.02
2.21
2.10
2.13
1.97
1.92
2.16
21.64
4.34
4.10
4.45
4.07
4.09
4.02
4.03
3.98
3.91
3.95
13.71
2.98
2.47
2.75
2.38
2.59
2.06
2.69
2.92
2.77
2.50
14.70
6.37
2.76
2.64
3.03
3.33
3.58
2.92
2.90
3.04
3.17
