13.00
12.77
14.17
12.77
12.14
12.77
14.17
14.17
12.77
14.17
14.17
9.00
16.05
21.05
21.05
21.05
16.05
15.04
15.04
9.23
15.04
20.32
14.00
14.00
19.71
19.71
19.71
19.71
19.71
19.71
19.71
19.71
19.71
17.00
12.00
22.59
22.59
22.59
15.36
15.36
15.36
15.36
15.36
15.36
21.00
7.00
20.02
20.02
20.02
20.02
20.02
20.02
20.02
20.02
20.02
25.00
16.56
16.56
16.56
16.56
16.56
16.56
16.56
16.56
16.56
16.56
17.00
24.00
20.86
20.86
11.99
20.86
15.48
20.86
11.99
21.92
21.92
18.00
21.00
17.45
17.45
17.45
17.45
17.45
17.45
17.45
17.45
17.45
9.00
15.00
20.39
4.76
14.44
18.19
20.39
20.39
20.39
20.39
14.16
12.00
22.00
11.97
15.27
15.27
15.27
15.27
19.53
19.70
16.77
16.77
17.00
16.25
16.25
12.21
16.25
16.50
16.25
16.25
16.25
16.25
16.25
12.00
12.00
20.15
13.47
20.98
20.59
13.47
15.37
19.69
13.47
13.47
8.00
17.84
11.14
19.14
16.72
14.46
22.04
18.12
18.12
12.30
14.46
16.00
10.00
21.00
12.96
21.14
21.14
21.14
21.14
21.14
21.14
21.14
18.00
19.98
20.97
11.86
13.21
17.75
17.75
19.06
19.00
19.00
13.21
12.00
18.63
16.82
14.32
12.81
20.00
10.90
12.81
9.01
18.63
20.52
26.00
18.00
15.66
15.83
20.10
18.73
18.31
17.55
10.64
17.55
15.83
20.00
13.85
11.79
20.03
12.13
14.50
17.97
7.46
17.79
14.63
17.79
21.00
20.00
17.38
17.38
17.38
19.27
20.75
17.17
17.38
20.75
17.38
11.00
10.00
18.85
16.46
16.99
16.99
16.99
16.99
11.04
16.99
11.04
11.00
9.00
12.97
21.47
15.79
12.97
21.47
15.99
12.97
12.97
12.97
23.00
26.00
23.68
23.68
23.68
23.68
23.68
23.68
23.68
23.68
23.68
6.00
15.85
17.50
20.67
15.72
16.82
19.43
17.92
19.22
21.06
17.01
15.00
13.00
17.94
18.10
13.78
17.94
17.94
13.78
12.19
14.49
17.94
25.00
22.14
22.14
13.74
14.90
12.87
14.00
12.87
14.90
14.90
22.14
21.00
12.00
15.94
13.23
13.23
15.94
23.62
13.23
12.20
13.23
13.23
16.00
19.00
21.91
12.27
12.27
17.28
12.27
12.27
12.27
12.27
12.27
12.00
16.00
17.20
12.95
14.90
17.20
16.78
20.84
17.20
18.36
15.03
5.00
11.00
17.60
17.60
19.44
19.44
15.86
12.46
19.44
18.75
17.60
14.00
24.00
17.24
10.38
16.24
21.91
16.24
21.91
10.38
17.24
18.71
21.00
20.60
15.24
20.60
15.24
20.60
20.60
20.60
10.96
10.96
14.38
26.00
19.70
14.73
12.27
13.46
13.53
14.28
13.53
13.53
12.27
13.53
15.00
21.00
22.88
22.59
23.58
22.59
18.62
23.58
9.62
22.56
22.59
24.00
19.26
15.56
10.56
21.56
14.39
17.69
17.02
9.61
17.69
16.97
16.00
22.76
17.32
17.32
17.32
17.32
17.32
17.32
17.32
22.76
17.32
6.00
24.00
10.58
16.30
16.30
16.30
16.30
16.30
16.30
16.30
16.30
10.00
16.00
20.57
9.38
13.82
14.23
16.12
12.74
15.70
16.12
6.46
5.00
21.00
13.21
16.76
13.46
17.63
22.82
18.77
20.86
13.69
13.46
11.00
21.00
18.98
18.98
21.64
13.55
22.84
18.98
14.25
13.55
13.55
13.00
20.00
13.67
22.87
19.55
22.87
13.67
16.50
13.67
23.31
11.83
21.00
12.00
7.28
7.28
7.28
7.28
7.28
7.28
26.31
7.28
7.28
19.00
21.00
22.70
22.70
22.70
16.88
22.70
22.70
22.70
22.70
21.81
20.00
23.00
17.20
8.17
17.20
17.20
17.20
17.20
17.20
8.17
17.20
8.00
12.00
10.71
10.71
18.08
10.71
10.71
10.71
10.71
10.71
10.71
16.00
12.00
15.45
20.44
13.07
13.07
9.46
9.91
13.07
13.07
9.46
7.00
22.00
18.27
12.73
18.27
15.50
12.73
12.73
12.73
7.61
12.73
24.00
16.99
12.44
16.99
16.85
16.99
16.99
16.99
17.13
16.99
16.99
8.00
14.63
14.63
17.31
14.63
14.63
14.63
14.63
14.63
14.63
16.62
26.00
15.40
13.41
13.22
10.15
17.79
17.79
10.41
10.71
10.15
15.07
20.00
15.00
23.13
24.51
23.13
13.11
23.13
23.13
24.51
23.13
23.13
9.00
8.00
9.42
9.42
9.42
9.42
9.42
9.42
9.42
9.42
9.42
20.00
5.00
9.38
12.32
9.38
16.95
12.32
12.32
16.95
12.32
12.32
24.00
15.31
21.50
14.82
13.42
15.64
13.42
19.90
15.64
15.64
13.42
10.00
14.90
16.65
13.96
9.10
15.40
10.61
14.90
14.90
15.08
14.90
10.00
16.00
23.74
23.74
23.74
23.74
23.74
23.74
23.74
23.74
23.74
16.00
17.57
17.57
17.57
17.57
17.57
17.57
17.57
17.57
17.57
17.57
5.00
12.00
13.40
10.45
16.94
15.10
16.94
16.94
16.94
16.94
17.34
7.00
19.00
19.91
13.14
19.91
13.14
19.91
13.14
19.91
13.14
19.91
16.00
14.61
16.72
11.96
12.97
12.97
11.96
15.77
15.77
12.97
15.77
17.00
14.00
14.57
16.39
10.53
17.32
12.00
18.36
10.89
17.32
10.89
14.00
14.00
19.76
15.88
14.71
19.76
19.76
14.20
19.76
14.75
19.76
23.00
20.00
13.78
13.78
12.01
12.01
12.01
13.78
12.01
12.01
13.78
7.00
20.05
14.00
10.95
10.95
10.95
10.95
10.95
10.95
12.19
16.58
8.00
21.00
12.96
14.32
14.32
14.32
14.32
14.32
14.32
14.32
14.32
24.00
23.93
11.81
19.12
14.16
16.13
20.91
23.93
16.82
23.93
16.13
8.00
10.15
10.15
20.11
17.68
22.92
14.69
12.43
10.24
14.69
10.15
23.00
20.00
19.16
19.16
19.16
21.89
19.16
19.16
19.16
19.16
19.16
7.00
25.00
12.64
12.64
21.00
19.47
19.47
21.00
12.64
19.47
19.47
11.00
16.00
11.17
11.17
21.86
21.86
12.24
12.24
21.86
12.24
11.17
17.00
19.00
6.78
6.78
25.24
25.24
25.24
25.24
17.77
25.24
25.24
21.00
10.00
12.80
12.80
12.80
12.80
12.80
12.80
12.80
12.80
12.80
20.00
20.00
12.91
12.91
12.91
12.91
12.91
12.91
12.91
12.91
12.91
15.00
18.68
17.18
18.68
21.26
20.58
18.68
10.54
14.64
20.58
18.68
25.00
10.05
22.16
22.55
22.55
22.16
22.55
22.16
17.86
26.34
23.14
16.00
12.39
10.39
12.15
13.81
20.95
10.70
10.39
13.98
10.39
8.26
11.00
12.49
12.49
14.41
12.49
12.49
12.49
14.48
12.49
22.70
12.49
22.00
10.00
12.27
15.15
24.90
24.90
20.77
15.15
15.15
17.36
17.36
12.00
17.94
12.81
12.81
19.56
14.07
18.86
16.47
19.84
19.56
14.24
14.00
20.00
10.29
16.36
16.36
16.04
16.04
9.39
16.04
16.04
18.25
13.00
11.00
18.26
18.93
18.26
18.26
18.26
18.93
18.26
20.80
6.57
13.00
6.00
8.23
8.23
8.23
8.23
8.23
8.23
8.23
8.23
8.23
16.00
16.14
20.13
22.40
16.14
10.47
20.13
15.99
20.13
10.86
21.99
25.00
19.69
11.87
12.78
11.10
11.10
9.98
11.10
11.87
15.81
23.93
16.00
21.00
16.11
16.11
16.11
16.11
16.11
16.11
16.11
16.11
16.11
17.00
19.27
16.76
17.50
17.04
22.10
17.04
17.04
17.50
20.31
17.04
9.00
14.89
18.37
18.37
18.37
18.37
18.37
15.99
18.37
18.37
15.99
20.00
20.00
17.24
16.81
16.81
16.81
17.77
16.81
17.77
17.77
17.24
18.00
24.00
25.81
25.81
25.81
10.51
25.81
25.81
20.72
25.81
25.81
20.00
15.00
16.72
16.72
16.72
16.72
16.72
16.72
16.72
16.72
16.72
25.00
12.00
12.72
9.49
9.49
9.49
9.49
22.23
9.49
9.49
22.23
18.00
25.00
12.31
12.31
12.31
12.31
12.31
12.31
24.32
12.31
12.31
26.00
16.00
24.32
12.72
24.32
12.72
12.72
24.32
24.32
12.72
12.72
18.00
14.89
20.81
20.78
14.73
14.89
14.89
14.73
14.89
14.89
14.89
15.00
14.00
15.23
8.29
13.34
11.51
13.34
13.34
19.70
13.34
11.51
26.00
5.00
10.14
4.03
4.03
16.68
4.03
10.14
10.14
4.03
25.68
5.00
21.69
21.69
21.69
21.69
21.69
10.27
21.69
10.27
21.69
10.27
9.00
19.00
14.62
14.62
14.62
14.62
14.62
14.62
14.62
14.62
14.62
26.00
13.28
16.34
16.24
16.34
16.34
16.24
16.24
16.24
16.34
16.24
15.00
16.00
7.20
7.20
20.95
5.87
7.20
7.20
5.87
7.20
7.20
24.00
7.00
20.76
14.22
19.09
19.09
14.22
19.09
20.20
20.20
19.09
17.00
11.00
11.43
14.70
13.92
14.70
14.70
17.30
18.19
18.19
14.70
13.00
18.00
17.20
12.00
17.20
12.00
17.95
17.20
17.20
17.20
16.51
8.00
10.89
22.00
20.54
14.89
20.37
14.03
14.89
14.89
25.06
11.53
26.00
21.00
7.46
20.43
12.91
20.43
12.91
18.17
20.43
20.43
20.07
19.00
15.51
24.24
15.51
15.51
12.66
15.51
15.51
15.51
15.51
15.51
9.00
18.00
19.56
18.55
18.55
18.55
18.55
19.00
20.97
19.00
18.55
13.00
26.00
22.05
19.23
19.44
18.97
19.23
19.44
15.56
19.23
19.23
22.00
6.00
7.15
7.15
7.15
7.15
7.15
7.15
16.86
16.86
16.86
10.00
14.00
23.06
17.95
23.06
13.92
23.06
17.95
17.95
13.67
17.95
19.00
22.00
15.27
15.27
15.27
15.27
15.27
15.27
15.27
15.27
15.27
12.00
5.00
6.67
27.92
23.58
23.58
23.58
10.05
23.58
23.58
23.58
5.00
18.97
18.30
14.98
11.14
14.98
18.30
21.70
18.30
11.14
11.14
19.00
10.26
11.72
15.18
21.18
15.50
13.03
12.05
14.65
10.41
10.41
17.00
12.30
15.19
19.18
19.18
19.18
19.18
19.18
12.30
15.19
12.30
8.00
9.00
21.05
21.05
21.05
8.73
21.05
21.05
21.05
21.05
21.05
19.00
22.04
15.13
15.13
22.04
15.13
15.13
22.04
15.13
13.35
15.13
5.00
9.00
18.84
13.88
18.84
14.04
20.48
17.08
12.73
13.43
13.43
12.00
13.65
12.74
19.42
19.85
10.76
10.76
10.76
12.74
15.83
7.87
25.00
17.00
7.52
7.52
7.52
7.52
7.52
7.52
7.52
7.52
7.52
5.00
9.00
21.68
21.68
21.68
21.68
21.68
21.68
21.68
21.68
21.68
9.00
17.48
16.51
15.84
16.51
16.51
16.60
16.51
16.51
22.24
18.76
21.00
11.87
18.06
14.60
13.85
21.16
15.83
16.28
14.86
14.86
13.85
10.00
11.00
18.00
22.97
22.97
22.97
22.97
22.97
22.97
22.97
22.97
6.00
10.18
18.98
18.18
18.98
18.98
18.98
18.98
18.69
18.98
18.16
21.00
21.00
9.43
15.16
14.20
11.50
15.06
12.88
14.20
11.13
11.13
16.00
17.84
17.84
17.84
7.35
11.91
17.84
7.35
7.35
17.84
17.84
10.00
7.00
15.62
15.82
16.53
20.02
13.27
15.82
20.02
20.02
22.38
8.00
21.00
18.25
15.60
20.33
20.33
11.64
14.19
20.33
14.19
20.33
