22.00
9.47
13.44
13.44
14.57
13.44
17.83
19.40
13.44
17.62
17.83
13.00
9.00
17.00
6.93
6.93
20.56
6.93
20.56
16.22
6.93
16.22
9.00
12.00
22.00
13.55
14.75
11.73
10.70
11.40
10.70
10.70
11.40
5.00
8.00
19.61
23.19
15.28
21.11
19.91
23.19
19.82
19.91
19.61
18.00
16.00
20.92
20.92
20.92
23.98
20.92
20.92
20.92
16.84
20.92
15.00
12.00
16.13
16.13
16.13
16.13
16.13
16.13
16.13
16.13
16.13
20.00
12.00
10.24
10.24
10.24
10.24
22.32
10.24
10.24
10.24
10.24
15.00
17.07
17.07
17.07
17.07
17.07
17.07
17.07
17.07
15.55
17.07
26.00
12.00
10.52
10.52
10.52
10.52
10.52
20.56
12.56
10.52
12.56
22.00
17.62
10.85
18.62
18.62
17.99
10.85
12.87
18.62
18.62
17.99
21.00
15.62
19.30
19.30
15.62
19.30
17.64
21.19
17.64
20.08
21.40
24.00
12.03
6.16
20.16
12.03
17.88
21.40
9.29
21.36
19.20
17.05
14.00
16.00
17.50
17.50
22.46
17.50
17.50
17.50
17.50
27.57
17.50
7.00
23.00
12.82
22.42
12.82
12.82
12.82
12.82
12.82
13.21
15.14
5.00
16.00
8.40
21.79
21.79
21.79
21.79
21.79
21.79
21.79
21.79
8.00
10.67
18.00
16.35
20.14
13.02
18.00
22.81
16.27
13.02
18.00
26.00
8.00
13.66
9.42
16.92
14.15
14.15
18.58
12.47
9.42
14.15
9.00
20.00
17.26
18.82
18.82
23.10
17.12
18.82
15.97
23.10
14.16
22.00
15.27
19.09
18.26
11.64
16.88
16.88
19.09
24.22
18.66
19.63
17.00
25.00
8.35
8.35
8.35
8.35
8.35
8.35
8.35
8.35
8.35
20.00
14.80
14.80
17.78
17.78
14.80
14.99
13.01
13.01
17.26
13.01
6.00
10.50
18.87
15.02
13.27
20.78
19.88
12.51
10.50
9.53
20.45
20.00
21.00
14.22
12.17
16.88
17.37
12.55
12.17
11.67
14.35
11.67
14.00
16.00
13.26
10.60
17.06
13.26
20.71
16.19
21.23
13.26
17.06
22.00
22.00
18.83
18.83
20.68
17.12
17.12
17.87
20.68
20.54
20.68
15.00
15.00
19.29
22.05
16.36
16.36
19.29
19.29
16.36
19.29
16.36
24.00
10.00
18.09
18.09
18.09
18.09
18.09
18.09
18.09
18.09
18.09
18.00
11.06
12.97
19.10
12.97
19.93
13.91
17.07
13.91
12.97
17.23
13.00
15.00
16.44
16.23
16.23
16.23
9.96
18.78
18.91
17.11
9.96
16.00
14.76
15.83
16.96
15.01
11.29
16.96
16.96
15.83
15.83
16.96
24.00
15.00
16.10
16.10
17.00
17.00
16.10
16.10
17.34
17.00
17.00
15.00
26.00
17.13
20.30
20.30
20.30
20.30
20.30
20.30
20.30
24.67
20.00
22.00
10.06
10.06
17.29
10.74
10.06
10.06
10.06
17.29
10.06
18.00
12.00
15.29
21.28
11.17
15.08
15.08
14.32
11.59
11.17
14.32
7.00
19.78
19.78
19.78
19.78
19.78
19.78
19.78
19.78
19.78
19.78
26.00
19.86
19.86
19.86
8.15
19.86
19.86
19.86
19.86
19.86
19.86
24.00
5.00
18.70
15.89
18.70
19.77
18.05
19.77
18.70
19.77
15.89
10.00
13.00
22.54
22.54
7.36
22.54
26.56
22.54
22.54
26.56
22.54
19.00
14.25
14.99
12.56
19.80
11.38
14.25
16.97
19.78
18.92
14.25
17.00
22.00
18.10
11.69
17.84
17.84
15.01
24.68
20.42
17.84
11.69
6.00
15.00
22.63
25.00
22.63
22.01
10.51
14.94
22.63
15.24
15.22
12.00
18.59
18.59
18.59
18.59
20.03
20.03
18.59
20.03
20.03
20.03
17.00
10.73
11.37
11.37
11.37
10.73
10.73
10.73
10.73
10.73
11.37
7.00
21.00
19.16
15.26
15.26
22.54
19.16
19.16
19.16
19.16
19.16
10.00
23.00
16.50
16.50
14.08
16.50
16.50
14.08
16.50
14.08
14.08
13.00
18.24
18.24
18.24
21.73
18.24
18.24
21.73
18.24
18.24
21.73
6.00
21.00
19.65
22.00
22.00
22.00
22.00
25.50
14.35
22.00
22.00
10.00
11.00
19.19
19.49
19.59
12.60
22.73
21.29
21.29
14.91
12.88
22.00
6.00
15.95
15.95
15.95
15.95
15.95
15.95
15.95
15.95
15.95
7.00
13.00
17.28
10.85
13.74
14.44
17.15
19.93
15.51
19.91
19.91
26.00
18.00
17.31
9.96
17.18
17.31
17.31
17.31
14.38
21.84
17.31
8.00
9.00
9.64
9.64
9.64
9.64
9.64
9.64
9.40
9.64
9.64
24.00
21.00
10.71
14.77
10.71
10.71
14.77
14.77
10.71
14.77
14.77
11.00
11.00
12.77
10.56
13.58
12.69
13.58
10.56
13.58
17.31
18.88
9.00
15.55
14.66
18.52
8.74
15.28
18.52
16.34
18.52
18.52
16.44
13.00
10.00
21.00
21.00
21.00
7.22
7.22
21.00
16.42
21.00
21.00
10.00
11.21
20.12
21.60
11.81
11.94
18.69
20.12
20.46
18.69
20.12
25.00
17.22
15.53
22.91
20.76
15.87
15.83
15.87
15.16
17.00
15.16
21.00
16.86
16.86
13.90
15.58
15.58
15.58
11.59
16.49
18.12
15.58
23.00
14.00
12.24
16.12
17.18
13.22
16.12
16.05
16.82
21.48
13.02
14.00
24.00
15.24
11.53
15.24
12.62
9.41
8.20
15.24
9.41
15.24
20.00
10.00
22.01
22.01
22.01
22.01
22.01
14.99
22.01
22.01
14.99
18.00
17.35
21.91
13.65
12.71
18.22
20.41
13.65
12.71
21.62
20.41
11.00
17.00
21.90
21.90
21.90
21.90
21.90
21.90
21.90
21.90
21.90
22.00
18.68
21.48
15.43
23.19
15.43
18.68
15.43
12.47
15.43
15.43
15.00
18.00
20.14
16.69
12.34
16.69
20.14
20.14
19.57
16.69
19.99
6.00
15.00
23.34
23.34
23.34
23.34
23.34
23.34
23.34
23.34
23.34
13.00
21.24
20.62
18.90
21.24
20.62
20.62
21.24
22.46
20.62
10.89
9.00
12.36
17.61
19.47
16.23
16.06
16.06
14.72
16.23
13.01
16.23
6.00
23.00
22.18
12.59
13.08
13.08
13.08
13.08
20.73
13.08
13.08
21.00
13.00
20.32
13.09
20.32
15.95
13.09
20.32
8.47
15.29
13.09
22.00
21.00
10.73
10.73
10.73
10.73
10.73
10.73
10.73
10.73
10.73
13.00
8.00
18.46
17.37
17.43
18.46
14.32
18.46
14.32
20.35
18.46
11.00
14.00
20.48
10.07
9.62
12.78
10.07
11.01
11.01
10.07
20.48
5.00
17.00
20.27
18.93
16.19
15.85
18.93
10.33
21.47
21.47
16.19
22.00
15.62
17.86
21.52
16.07
21.18
21.52
15.87
21.52
15.87
21.52
23.00
17.69
7.10
6.32
7.10
17.69
17.69
17.69
7.10
7.10
17.69
7.00
16.00
17.50
17.50
17.50
25.74
17.50
17.50
17.50
17.50
17.50
20.00
12.00
15.30
21.95
21.95
15.30
15.30
22.70
21.95
21.41
21.95
19.00
22.00
4.86
14.01
14.01
14.01
4.86
7.71
7.71
14.01
7.71
6.00
13.00
15.41
10.40
13.90
15.41
12.12
13.90
14.88
21.22
7.78
26.00
19.34
19.34
12.15
14.64
20.10
10.50
19.34
12.62
16.42
14.48
7.00
24.83
14.47
14.47
19.52
19.52
19.52
14.47
19.52
19.52
14.47
19.00
14.00
10.62
7.80
7.80
7.80
10.62
11.03
7.80
10.62
10.62
10.00
13.00
21.37
21.37
16.79
16.79
16.79
15.47
21.37
16.79
16.79
17.00
16.00
11.33
11.33
11.33
11.33
11.33
11.33
11.33
11.33
19.91
15.00
12.00
18.18
13.79
20.27
10.81
14.79
15.27
13.90
13.90
21.01
19.00
12.54
13.52
16.50
16.50
16.50
16.28
10.84
13.52
16.28
13.94
13.00
7.33
13.34
11.65
19.29
19.29
11.65
11.65
17.99
20.68
11.65
23.00
13.38
15.44
16.25
18.17
16.28
14.96
14.06
16.07
16.25
14.06
24.00
11.00
16.04
5.01
16.04
5.01
16.04
5.01
5.01
5.01
5.01
16.00
12.69
12.69
19.74
19.97
23.47
14.64
12.69
19.97
19.97
21.51
22.00
15.00
10.60
10.60
13.56
10.60
10.60
10.60
10.60
10.60
10.60
14.00
11.00
7.58
16.19
19.85
16.19
16.19
16.19
16.19
16.19
16.19
19.00
24.00
12.89
19.60
19.60
12.29
12.39
12.29
20.06
20.06
19.60
12.00
12.00
11.25
15.05
11.25
15.05
15.05
12.82
15.05
15.05
15.35
26.00
6.00
14.99
14.99
14.99
14.99
14.99
14.99
14.99
14.99
14.99
14.00
13.00
10.53
18.92
17.29
15.46
20.12
13.15
13.51
13.15
13.15
18.00
14.95
16.26
11.48
18.18
12.19
13.15
14.14
14.59
14.14
11.12
22.00
10.00
11.83
19.65
11.83
18.13
11.83
18.13
14.69
18.13
18.13
8.00
17.00
15.76
15.95
19.83
15.95
20.65
17.65
19.83
19.83
19.83
26.00
24.00
15.00
12.21
18.48
12.21
19.59
12.74
19.59
19.59
22.04
10.00
16.00
19.34
10.79
12.01
12.01
10.79
22.13
10.79
24.19
15.11
20.00
16.00
10.83
10.83
21.82
10.83
10.83
10.83
10.83
10.83
10.83
8.00
17.50
18.54
18.54
18.54
19.75
19.75
19.75
19.75
19.75
16.60
19.00
22.81
22.81
22.81
22.81
22.81
22.81
22.81
22.81
22.81
22.81
21.00
16.31
7.97
18.55
7.97
12.38
18.76
7.97
20.16
8.79
7.97
11.00
20.00
8.50
8.50
8.70
8.70
8.70
8.70
8.50
8.70
8.70
18.00
16.32
11.41
16.32
16.96
17.99
12.20
19.94
13.01
20.75
14.35
9.00
23.18
19.10
23.18
14.88
19.10
21.34
12.64
14.88
14.88
14.88
8.00
23.00
21.01
17.67
8.54
13.86
18.17
11.65
11.65
11.65
13.86
19.00
20.00
14.82
15.15
23.28
15.15
10.01
15.53
13.60
15.53
13.60
20.00
26.65
6.29
26.65
6.29
26.65
6.29
26.65
6.29
26.65
6.29
23.00
20.00
18.00
20.90
15.98
20.90
15.98
6.49
15.98
6.49
20.90
16.00
14.00
7.00
9.64
12.66
12.66
19.20
12.66
20.42
22.56
19.20
14.00
5.00
11.24
21.04
23.31
12.77
14.34
23.95
14.34
23.95
12.77
19.00
12.98
12.98
12.98
14.45
15.54
12.98
15.54
14.45
14.45
12.98
21.00
24.00
20.42
11.96
16.02
23.53
16.02
16.02
16.02
16.02
16.02
18.00
10.00
17.00
16.72
20.01
17.00
17.00
17.00
17.00
16.72
17.00
25.00
17.61
8.95
14.98
9.60
18.97
16.96
19.33
18.97
8.95
9.60
24.00
13.87
13.28
17.10
16.00
13.28
16.32
12.95
15.01
10.15
19.85
25.00
16.00
12.10
12.10
12.10
12.10
12.10
17.81
12.10
12.10
12.10
12.00
24.00
21.95
20.00
21.95
21.95
21.95
12.67
21.95
15.12
16.67
19.00
26.00
17.75
6.05
6.05
6.05
6.05
6.05
17.75
6.05
17.75
9.00
17.00
13.26
16.56
15.41
16.56
16.56
16.56
15.41
16.56
16.56
7.00
24.00
19.52
19.52
14.83
19.52
19.52
19.52
19.52
19.52
19.52
8.00
5.00
22.37
16.18
14.60
16.18
16.18
16.18
16.18
16.18
16.18
14.00
25.50
21.09
22.74
10.96
22.40
25.50
25.50
25.50
25.50
10.96
